-------------------------------------------------------------------------------
Test set: com.upgrad.quora.api.controller.AnswerControllerTest
-------------------------------------------------------------------------------
Tests run: 14, Failures: 14, Errors: 0, Skipped: 0, Time elapsed: 2.255 s <<< FAILURE! - in com.upgrad.quora.api.controller.AnswerControllerTest
deleteAnswerWithNonExistingAccessToken(com.upgrad.quora.api.controller.AnswerControllerTest)  Time elapsed: 0.305 s  <<< FAILURE!
java.lang.AssertionError: Status expected:<403> but was:<400>
	at com.upgrad.quora.api.controller.AnswerControllerTest.deleteAnswerWithNonExistingAccessToken(AnswerControllerTest.java:87)

getAllAnswersToNonExistingQuestion(com.upgrad.quora.api.controller.AnswerControllerTest)  Time elapsed: 0.063 s  <<< FAILURE!
java.lang.AssertionError: Status expected:<404> but was:<400>
	at com.upgrad.quora.api.controller.AnswerControllerTest.getAllAnswersToNonExistingQuestion(AnswerControllerTest.java:135)

getAllAnswersToQuestionWithSignedOutUser(com.upgrad.quora.api.controller.AnswerControllerTest)  Time elapsed: 0.141 s  <<< FAILURE!
java.lang.AssertionError: Status expected:<403> but was:<400>
	at com.upgrad.quora.api.controller.AnswerControllerTest.getAllAnswersToQuestionWithSignedOutUser(AnswerControllerTest.java:127)

editAnswerWithNonExistingAccessToken(com.upgrad.quora.api.controller.AnswerControllerTest)  Time elapsed: 0.142 s  <<< FAILURE!
java.lang.AssertionError: Status expected:<403> but was:<400>
	at com.upgrad.quora.api.controller.AnswerControllerTest.editAnswerWithNonExistingAccessToken(AnswerControllerTest.java:55)

deleteAnswerWithSignedOutUser(com.upgrad.quora.api.controller.AnswerControllerTest)  Time elapsed: 0.085 s  <<< FAILURE!
java.lang.AssertionError: Status expected:<403> but was:<400>
	at com.upgrad.quora.api.controller.AnswerControllerTest.deleteAnswerWithSignedOutUser(AnswerControllerTest.java:95)

createAnswerForNonExistingQuestion(com.upgrad.quora.api.controller.AnswerControllerTest)  Time elapsed: 0.056 s  <<< FAILURE!
java.lang.AssertionError: Status expected:<404> but was:<400>
	at com.upgrad.quora.api.controller.AnswerControllerTest.createAnswerForNonExistingQuestion(AnswerControllerTest.java:47)

deleteAnswerWithoutOwnership(com.upgrad.quora.api.controller.AnswerControllerTest)  Time elapsed: 0.079 s  <<< FAILURE!
java.lang.AssertionError: Status expected:<403> but was:<400>
	at com.upgrad.quora.api.controller.AnswerControllerTest.deleteAnswerWithoutOwnership(AnswerControllerTest.java:111)

deleteNonExistingAnswer(com.upgrad.quora.api.controller.AnswerControllerTest)  Time elapsed: 0.079 s  <<< FAILURE!
java.lang.AssertionError: Status expected:<404> but was:<400>
	at com.upgrad.quora.api.controller.AnswerControllerTest.deleteNonExistingAnswer(AnswerControllerTest.java:103)

getAllAnswersToQuestionWithNonExistingAccessToken(com.upgrad.quora.api.controller.AnswerControllerTest)  Time elapsed: 0.094 s  <<< FAILURE!
java.lang.AssertionError: Status expected:<403> but was:<400>
	at com.upgrad.quora.api.controller.AnswerControllerTest.getAllAnswersToQuestionWithNonExistingAccessToken(AnswerControllerTest.java:119)

editAnswerWithoutOwnership(com.upgrad.quora.api.controller.AnswerControllerTest)  Time elapsed: 0.094 s  <<< FAILURE!
java.lang.AssertionError: Status expected:<403> but was:<400>
	at com.upgrad.quora.api.controller.AnswerControllerTest.editAnswerWithoutOwnership(AnswerControllerTest.java:79)

editAnswerWithSignedOutUser(com.upgrad.quora.api.controller.AnswerControllerTest)  Time elapsed: 0.251 s  <<< FAILURE!
java.lang.AssertionError: Status expected:<403> but was:<400>
	at com.upgrad.quora.api.controller.AnswerControllerTest.editAnswerWithSignedOutUser(AnswerControllerTest.java:63)

createAnswerWithNonExistingAccessToken(com.upgrad.quora.api.controller.AnswerControllerTest)  Time elapsed: 0.235 s  <<< FAILURE!
java.lang.AssertionError: Status expected:<403> but was:<400>
	at com.upgrad.quora.api.controller.AnswerControllerTest.createAnswerWithNonExistingAccessToken(AnswerControllerTest.java:31)

createAnswerWithSignedOutUser(com.upgrad.quora.api.controller.AnswerControllerTest)  Time elapsed: 0.252 s  <<< FAILURE!
java.lang.AssertionError: Status expected:<403> but was:<400>
	at com.upgrad.quora.api.controller.AnswerControllerTest.createAnswerWithSignedOutUser(AnswerControllerTest.java:39)

editNonExistingAnswer(com.upgrad.quora.api.controller.AnswerControllerTest)  Time elapsed: 0.367 s  <<< FAILURE!
java.lang.AssertionError: Status expected:<404> but was:<400>
	at com.upgrad.quora.api.controller.AnswerControllerTest.editNonExistingAnswer(AnswerControllerTest.java:71)

