-------------------------------------------------------------------------------
Test set: com.upgrad.quora.api.controller.QuestionControllerTest
-------------------------------------------------------------------------------
Tests run: 16, Failures: 16, Errors: 0, Skipped: 0, Time elapsed: 3.96 s <<< FAILURE! - in com.upgrad.quora.api.controller.QuestionControllerTest
getAllQuestionsWithSignedOutUser(com.upgrad.quora.api.controller.QuestionControllerTest)  Time elapsed: 0.188 s  <<< FAILURE!
java.lang.AssertionError: Status expected:<403> but was:<400>
	at com.upgrad.quora.api.controller.QuestionControllerTest.getAllQuestionsWithSignedOutUser(QuestionControllerTest.java:62)

deleteQuestionWithSignedOutUser(com.upgrad.quora.api.controller.QuestionControllerTest)  Time elapsed: 0.299 s  <<< FAILURE!
java.lang.AssertionError: Status expected:<403> but was:<400>
	at com.upgrad.quora.api.controller.QuestionControllerTest.deleteQuestionWithSignedOutUser(QuestionControllerTest.java:110)

deleteQuestionWithoutOwnership(com.upgrad.quora.api.controller.QuestionControllerTest)  Time elapsed: 0.235 s  <<< FAILURE!
java.lang.AssertionError: Status expected:<403> but was:<400>
	at com.upgrad.quora.api.controller.QuestionControllerTest.deleteQuestionWithoutOwnership(QuestionControllerTest.java:118)

createQuestionWithSignedOutUser(com.upgrad.quora.api.controller.QuestionControllerTest)  Time elapsed: 0.221 s  <<< FAILURE!
java.lang.AssertionError: Status expected:<403> but was:<400>
	at com.upgrad.quora.api.controller.QuestionControllerTest.createQuestionWithSignedOutUser(QuestionControllerTest.java:39)

getAllQuestionsByUserWithNonExistingAccessToken(com.upgrad.quora.api.controller.QuestionControllerTest)  Time elapsed: 0.173 s  <<< FAILURE!
java.lang.AssertionError: Status expected:<403> but was:<400>
	at com.upgrad.quora.api.controller.QuestionControllerTest.getAllQuestionsByUserWithNonExistingAccessToken(QuestionControllerTest.java:135)

getAllQuestionsForNonExistingUser(com.upgrad.quora.api.controller.QuestionControllerTest)  Time elapsed: 0.235 s  <<< FAILURE!
java.lang.AssertionError: Status expected:<404> but was:<400>
	at com.upgrad.quora.api.controller.QuestionControllerTest.getAllQuestionsForNonExistingUser(QuestionControllerTest.java:151)

createQuestionWithNonExistingAccessToken(com.upgrad.quora.api.controller.QuestionControllerTest)  Time elapsed: 0.189 s  <<< FAILURE!
java.lang.AssertionError: Status expected:<403> but was:<400>
	at com.upgrad.quora.api.controller.QuestionControllerTest.createQuestionWithNonExistingAccessToken(QuestionControllerTest.java:31)

editQuestionWithWithSignedOutUser(com.upgrad.quora.api.controller.QuestionControllerTest)  Time elapsed: 0.235 s  <<< FAILURE!
java.lang.AssertionError: Status expected:<403> but was:<400>
	at com.upgrad.quora.api.controller.QuestionControllerTest.editQuestionWithWithSignedOutUser(QuestionControllerTest.java:78)

editQuestionWithNonExistingAccessToken(com.upgrad.quora.api.controller.QuestionControllerTest)  Time elapsed: 0.41 s  <<< FAILURE!
java.lang.AssertionError: Status expected:<403> but was:<400>
	at com.upgrad.quora.api.controller.QuestionControllerTest.editQuestionWithNonExistingAccessToken(QuestionControllerTest.java:70)

deleteQuestionWithNonExistingAccessToken(com.upgrad.quora.api.controller.QuestionControllerTest)  Time elapsed: 0.267 s  <<< FAILURE!
java.lang.AssertionError: Status expected:<403> but was:<400>
	at com.upgrad.quora.api.controller.QuestionControllerTest.deleteQuestionWithNonExistingAccessToken(QuestionControllerTest.java:102)

editQuestionWithoutOwnership(com.upgrad.quora.api.controller.QuestionControllerTest)  Time elapsed: 0.222 s  <<< FAILURE!
java.lang.AssertionError: Status expected:<403> but was:<400>
	at com.upgrad.quora.api.controller.QuestionControllerTest.editQuestionWithoutOwnership(QuestionControllerTest.java:86)

deleteNoneExistingQuestion(com.upgrad.quora.api.controller.QuestionControllerTest)  Time elapsed: 0.218 s  <<< FAILURE!
java.lang.AssertionError: Status expected:<404> but was:<400>
	at com.upgrad.quora.api.controller.QuestionControllerTest.deleteNoneExistingQuestion(QuestionControllerTest.java:127)

getAllQuestionsByUserWithSignedOutUser(com.upgrad.quora.api.controller.QuestionControllerTest)  Time elapsed: 0.216 s  <<< FAILURE!
java.lang.AssertionError: Status expected:<403> but was:<400>
	at com.upgrad.quora.api.controller.QuestionControllerTest.getAllQuestionsByUserWithSignedOutUser(QuestionControllerTest.java:143)

editNonExistingQuestion(com.upgrad.quora.api.controller.QuestionControllerTest)  Time elapsed: 0.2 s  <<< FAILURE!
java.lang.AssertionError: Status expected:<404> but was:<400>
	at com.upgrad.quora.api.controller.QuestionControllerTest.editNonExistingQuestion(QuestionControllerTest.java:94)

getAllQuestions(com.upgrad.quora.api.controller.QuestionControllerTest)  Time elapsed: 0.307 s  <<< FAILURE!
java.lang.AssertionError: Status expected:<200> but was:<400>
	at com.upgrad.quora.api.controller.QuestionControllerTest.getAllQuestions(QuestionControllerTest.java:47)

getAllQuestionsWithNonExistingAccessToken(com.upgrad.quora.api.controller.QuestionControllerTest)  Time elapsed: 0.315 s  <<< FAILURE!
java.lang.AssertionError: Status expected:<403> but was:<400>
	at com.upgrad.quora.api.controller.QuestionControllerTest.getAllQuestionsWithNonExistingAccessToken(QuestionControllerTest.java:54)

