<?xml version="1.0" encoding="UTF-8"?>
<testsuite xmlns:xsi="http://www.w3.org/2001/XMLSchema-instance" xsi:noNamespaceSchemaLocation="https://maven.apache.org/surefire/maven-surefire-plugin/xsd/surefire-test-report.xsd" name="com.upgrad.quora.api.controller.UserControllerTest" time="0.789" tests="3" errors="0" skipped="0" failures="3">
  <properties>
[...]
</properties>
  <testcase name="signupWithRepeatedEmail" classname="com.upgrad.quora.api.controller.UserControllerTest" time="0.3">
    <failure message="Status expected:&lt;409&gt; but was:&lt;404&gt;" type="java.lang.AssertionError"><![CDATA[java.lang.AssertionError: Status expected:<409> but was:<404>
	at com.upgrad.quora.api.controller.UserControllerTest.signupWithRepeatedEmail(UserControllerTest.java:36)
]]></failure>
    <system-out><![CDATA[2024-05-19 14:28:00.369  INFO 23532 --- [           main] .b.t.c.SpringBootTestContextBootstrapper : Neither @ContextConfiguration nor @ContextHierarchy found for test class [com.upgrad.quora.api.controller.UserControllerTest], using SpringBootContextLoader
2024-05-19 14:28:00.369  INFO 23532 --- [           main] o.s.t.c.support.AbstractContextLoader    : Could not detect default resource locations for test class [com.upgrad.quora.api.controller.UserControllerTest]: no resource found for suffixes {-context.xml, Context.groovy}.
2024-05-19 14:28:00.369  INFO 23532 --- [           main] t.c.s.AnnotationConfigContextLoaderUtils : Could not detect default configuration classes for test class [com.upgrad.quora.api.controller.UserControllerTest]: UserControllerTest does not declare any static, non-private, non-final, nested classes annotated with @Configuration.
2024-05-19 14:28:00.385  INFO 23532 --- [           main] .b.t.c.SpringBootTestContextBootstrapper : Found @SpringBootConfiguration com.upgrad.quora.api.QuoraApiApplication for test class com.upgrad.quora.api.controller.UserControllerTest
2024-05-19 14:28:00.385  INFO 23532 --- [           main] .b.t.c.SpringBootTestContextBootstrapper : Loaded default TestExecutionListener class names from location [META-INF/spring.factories]: [org.springframework.boot.test.mock.mockito.MockitoTestExecutionListener, org.springframework.boot.test.mock.mockito.ResetMocksTestExecutionListener, org.springframework.boot.test.autoconfigure.restdocs.RestDocsTestExecutionListener, org.springframework.boot.test.autoconfigure.web.client.MockRestServiceServerResetTestExecutionListener, org.springframework.boot.test.autoconfigure.web.servlet.MockMvcPrintOnlyOnFailureTestExecutionListener, org.springframework.boot.test.autoconfigure.web.servlet.WebDriverTestExecutionListener, org.springframework.test.context.web.ServletTestExecutionListener, org.springframework.test.context.support.DirtiesContextBeforeModesTestExecutionListener, org.springframework.test.context.support.DependencyInjectionTestExecutionListener, org.springframework.test.context.support.DirtiesContextTestExecutionListener, org.springframework.test.context.transaction.TransactionalTestExecutionListener, org.springframework.test.context.jdbc.SqlScriptsTestExecutionListener]
2024-05-19 14:28:00.385  INFO 23532 --- [           main] .b.t.c.SpringBootTestContextBootstrapper : Using TestExecutionListeners: [org.springframework.test.context.web.ServletTestExecutionListener@a97a895, org.springframework.test.context.support.DirtiesContextBeforeModesTestExecutionListener@5401c6a8, org.springframework.boot.test.mock.mockito.MockitoTestExecutionListener@1ef5cde4, org.springframework.boot.test.autoconfigure.SpringBootDependencyInjectionTestExecutionListener@359fa722, org.springframework.test.context.support.DirtiesContextTestExecutionListener@27b7204, org.springframework.test.context.transaction.TransactionalTestExecutionListener@5895c065, org.springframework.test.context.jdbc.SqlScriptsTestExecutionListener@683fac7e, org.springframework.boot.test.mock.mockito.ResetMocksTestExecutionListener@2051a0ec, org.springframework.boot.test.autoconfigure.restdocs.RestDocsTestExecutionListener@79631db0, org.springframework.boot.test.autoconfigure.web.client.MockRestServiceServerResetTestExecutionListener@f837c11, org.springframework.boot.test.autoconfigure.web.servlet.MockMvcPrintOnlyOnFailureTestExecutionListener@1aca6dc3, org.springframework.boot.test.autoconfigure.web.servlet.WebDriverTestExecutionListener@3731e8b6]

MockHttpServletRequest:
      HTTP Method = DELETE
      Request URI = /admin/user/database_uuid4
       Parameters = {}
          Headers = {authorization=[database_accesstoken1]}
             Body = null
    Session Attrs = {}

Handler:
             Type = org.springframework.web.servlet.resource.ResourceHttpRequestHandler

Async:
    Async started = false
     Async result = null

Resolved Exception:
             Type = null

ModelAndView:
        View name = null
             View = null
            Model = null

FlashMap:
       Attributes = null

MockHttpServletResponse:
           Status = 404
    Error message = null
          Headers = {}
     Content type = null
             Body = 
    Forwarded URL = null
   Redirected URL = null
          Cookies = []

MockHttpServletRequest:
      HTTP Method = DELETE
      Request URI = /admin/user/database_uuid4
       Parameters = {}
          Headers = {authorization=[non_existing_access_token]}
             Body = null
    Session Attrs = {}

Handler:
             Type = org.springframework.web.servlet.resource.ResourceHttpRequestHandler

Async:
    Async started = false
     Async result = null

Resolved Exception:
             Type = null

ModelAndView:
        View name = null
             View = null
            Model = null

FlashMap:
       Attributes = null

MockHttpServletResponse:
           Status = 404
    Error message = null
          Headers = {}
     Content type = null
             Body = 
    Forwarded URL = null
   Redirected URL = null
          Cookies = []

MockHttpServletRequest:
      HTTP Method = DELETE
      Request URI = /admin/user/non_existing_user_uuid
       Parameters = {}
          Headers = {authorization=[database_accesstoken]}
             Body = null
    Session Attrs = {}

Handler:
             Type = org.springframework.web.servlet.resource.ResourceHttpRequestHandler

Async:
    Async started = false
     Async result = null

Resolved Exception:
             Type = null

ModelAndView:
        View name = null
             View = null
            Model = null

FlashMap:
       Attributes = null

MockHttpServletResponse:
           Status = 404
    Error message = null
          Headers = {}
     Content type = null
             Body = 
    Forwarded URL = null
   Redirected URL = null
          Cookies = []

MockHttpServletRequest:
      HTTP Method = DELETE
      Request URI = /answer/delete/database_answer_uuid
       Parameters = {}
          Headers = {authorization=[non_existing_access_token]}
             Body = null
    Session Attrs = {}

Handler:
             Type = com.upgrad.quora.api.Controller.AnswerController
           Method = public org.springframework.http.ResponseEntity<com.upgrad.quora.api.model.AnswerDeleteResponse> com.upgrad.quora.api.Controller.AnswerController.Deleteanswer(java.lang.String,java.lang.String) throws com.upgrad.quora.service.exception.UserNotFoundException,com.upgrad.quora.service.exception.UnauthorizedException,com.upgrad.quora.service.exception.AuthenticationFailedException,com.upgrad.quora.service.exception.AuthorizationFailedException,com.upgrad.quora.service.exception.InvalidQuestionException,com.upgrad.quora.service.exception.AnswerNotFoundException,com.upgrad.quora.service.exception.SignUpRestrictedException

Async:
    Async started = false
     Async result = null

Resolved Exception:
             Type = org.springframework.web.bind.ServletRequestBindingException

ModelAndView:
        View name = null
             View = null
            Model = null

FlashMap:
       Attributes = null

MockHttpServletResponse:
           Status = 400
    Error message = Missing request header 'access-token' for method parameter of type String
          Headers = {}
     Content type = null
             Body = 
    Forwarded URL = null
   Redirected URL = null
          Cookies = []

MockHttpServletRequest:
      HTTP Method = GET
      Request URI = /answer/all/non_existing_question_uuid
       Parameters = {}
          Headers = {authorization=[database_accesstoken]}
             Body = null
    Session Attrs = {}

Handler:
             Type = com.upgrad.quora.api.Controller.AnswerController
           Method = public org.springframework.http.ResponseEntity<java.util.List<com.upgrad.quora.api.model.AnswerDetailsResponse>> com.upgrad.quora.api.Controller.AnswerController.AllAnswer(java.lang.String,java.lang.String) throws com.upgrad.quora.service.exception.UserNotFoundException,com.upgrad.quora.service.exception.UnauthorizedException,com.upgrad.quora.service.exception.AuthenticationFailedException,com.upgrad.quora.service.exception.AuthorizationFailedException,com.upgrad.quora.service.exception.InvalidQuestionException

Async:
    Async started = false
     Async result = null

Resolved Exception:
             Type = org.springframework.web.bind.ServletRequestBindingException

ModelAndView:
        View name = null
             View = null
            Model = null

FlashMap:
       Attributes = null

MockHttpServletResponse:
           Status = 400
    Error message = Missing request header 'access-token' for method parameter of type String
          Headers = {}
     Content type = null
             Body = 
    Forwarded URL = null
   Redirected URL = null
          Cookies = []

MockHttpServletRequest:
      HTTP Method = GET
      Request URI = /answer/all/database_question_uuid
       Parameters = {}
          Headers = {authorization=[database_accesstoken3]}
             Body = null
    Session Attrs = {}

Handler:
             Type = com.upgrad.quora.api.Controller.AnswerController
           Method = public org.springframework.http.ResponseEntity<java.util.List<com.upgrad.quora.api.model.AnswerDetailsResponse>> com.upgrad.quora.api.Controller.AnswerController.AllAnswer(java.lang.String,java.lang.String) throws com.upgrad.quora.service.exception.UserNotFoundException,com.upgrad.quora.service.exception.UnauthorizedException,com.upgrad.quora.service.exception.AuthenticationFailedException,com.upgrad.quora.service.exception.AuthorizationFailedException,com.upgrad.quora.service.exception.InvalidQuestionException

Async:
    Async started = false
     Async result = null

Resolved Exception:
             Type = org.springframework.web.bind.ServletRequestBindingException

ModelAndView:
        View name = null
             View = null
            Model = null

FlashMap:
       Attributes = null

MockHttpServletResponse:
           Status = 400
    Error message = Missing request header 'access-token' for method parameter of type String
          Headers = {}
     Content type = null
             Body = 
    Forwarded URL = null
   Redirected URL = null
          Cookies = []

MockHttpServletRequest:
      HTTP Method = PUT
      Request URI = /answer/edit/database_answer_uuid
       Parameters = {content=[edited_answer]}
          Headers = {Content-Type=[application/json;charset=UTF-8], authorization=[non_existing_access_token]}
             Body = null
    Session Attrs = {}

Handler:
             Type = com.upgrad.quora.api.Controller.AnswerController
           Method = public org.springframework.http.ResponseEntity<com.upgrad.quora.api.model.AnswerEditResponse> com.upgrad.quora.api.Controller.AnswerController.UpdateAnswer(java.lang.String,com.upgrad.quora.api.model.AnswerEditRequest,java.lang.String) throws com.upgrad.quora.service.exception.UserNotFoundException,com.upgrad.quora.service.exception.UnauthorizedException,com.upgrad.quora.service.exception.AuthenticationFailedException,com.upgrad.quora.service.exception.AuthorizationFailedException,com.upgrad.quora.service.exception.InvalidQuestionException,com.upgrad.quora.service.exception.AnswerNotFoundException

Async:
    Async started = false
     Async result = null

Resolved Exception:
             Type = org.springframework.http.converter.HttpMessageNotReadableException

ModelAndView:
        View name = null
             View = null
            Model = null

FlashMap:
       Attributes = null

MockHttpServletResponse:
           Status = 400
    Error message = null
          Headers = {}
     Content type = null
             Body = 
    Forwarded URL = null
   Redirected URL = null
          Cookies = []

MockHttpServletRequest:
      HTTP Method = DELETE
      Request URI = /answer/delete/database_answer_uuid
       Parameters = {}
          Headers = {authorization=[database_accesstoken3]}
             Body = null
    Session Attrs = {}

Handler:
             Type = com.upgrad.quora.api.Controller.AnswerController
           Method = public org.springframework.http.ResponseEntity<com.upgrad.quora.api.model.AnswerDeleteResponse> com.upgrad.quora.api.Controller.AnswerController.Deleteanswer(java.lang.String,java.lang.String) throws com.upgrad.quora.service.exception.UserNotFoundException,com.upgrad.quora.service.exception.UnauthorizedException,com.upgrad.quora.service.exception.AuthenticationFailedException,com.upgrad.quora.service.exception.AuthorizationFailedException,com.upgrad.quora.service.exception.InvalidQuestionException,com.upgrad.quora.service.exception.AnswerNotFoundException,com.upgrad.quora.service.exception.SignUpRestrictedException

Async:
    Async started = false
     Async result = null

Resolved Exception:
             Type = org.springframework.web.bind.ServletRequestBindingException

ModelAndView:
        View name = null
             View = null
            Model = null

FlashMap:
       Attributes = null

MockHttpServletResponse:
           Status = 400
    Error message = Missing request header 'access-token' for method parameter of type String
          Headers = {}
     Content type = null
             Body = 
    Forwarded URL = null
   Redirected URL = null
          Cookies = []

MockHttpServletRequest:
      HTTP Method = POST
      Request URI = /question/non_existing_question_uuid/answer/create
       Parameters = {answer=[my_answer]}
          Headers = {Content-Type=[application/json;charset=UTF-8], authorization=[database_accesstoken]}
             Body = null
    Session Attrs = {}

Handler:
             Type = com.upgrad.quora.api.Controller.AnswerController
           Method = public org.springframework.http.ResponseEntity<com.upgrad.quora.api.model.AnswerResponse> com.upgrad.quora.api.Controller.AnswerController.createAnswer(java.lang.String,com.upgrad.quora.api.model.AnswerRequest,java.lang.String) throws com.upgrad.quora.service.exception.AuthorizationFailedException,com.upgrad.quora.service.exception.InvalidQuestionException

Async:
    Async started = false
     Async result = null

Resolved Exception:
             Type = org.springframework.http.converter.HttpMessageNotReadableException

ModelAndView:
        View name = null
             View = null
            Model = null

FlashMap:
       Attributes = null

MockHttpServletResponse:
           Status = 400
    Error message = null
          Headers = {}
     Content type = null
             Body = 
    Forwarded URL = null
   Redirected URL = null
          Cookies = []

MockHttpServletRequest:
      HTTP Method = DELETE
      Request URI = /answer/delete/database_answer_uuid
       Parameters = {}
          Headers = {authorization=[database_accesstoken2]}
             Body = null
    Session Attrs = {}

Handler:
             Type = com.upgrad.quora.api.Controller.AnswerController
           Method = public org.springframework.http.ResponseEntity<com.upgrad.quora.api.model.AnswerDeleteResponse> com.upgrad.quora.api.Controller.AnswerController.Deleteanswer(java.lang.String,java.lang.String) throws com.upgrad.quora.service.exception.UserNotFoundException,com.upgrad.quora.service.exception.UnauthorizedException,com.upgrad.quora.service.exception.AuthenticationFailedException,com.upgrad.quora.service.exception.AuthorizationFailedException,com.upgrad.quora.service.exception.InvalidQuestionException,com.upgrad.quora.service.exception.AnswerNotFoundException,com.upgrad.quora.service.exception.SignUpRestrictedException

Async:
    Async started = false
     Async result = null

Resolved Exception:
             Type = org.springframework.web.bind.ServletRequestBindingException

ModelAndView:
        View name = null
             View = null
            Model = null

FlashMap:
       Attributes = null

MockHttpServletResponse:
           Status = 400
    Error message = Missing request header 'access-token' for method parameter of type String
          Headers = {}
     Content type = null
             Body = 
    Forwarded URL = null
   Redirected URL = null
          Cookies = []

MockHttpServletRequest:
      HTTP Method = DELETE
      Request URI = /answer/delete/non_existing_answer_uuid
       Parameters = {}
          Headers = {authorization=[database_accesstoken1]}
             Body = null
    Session Attrs = {}

Handler:
             Type = com.upgrad.quora.api.Controller.AnswerController
           Method = public org.springframework.http.ResponseEntity<com.upgrad.quora.api.model.AnswerDeleteResponse> com.upgrad.quora.api.Controller.AnswerController.Deleteanswer(java.lang.String,java.lang.String) throws com.upgrad.quora.service.exception.UserNotFoundException,com.upgrad.quora.service.exception.UnauthorizedException,com.upgrad.quora.service.exception.AuthenticationFailedException,com.upgrad.quora.service.exception.AuthorizationFailedException,com.upgrad.quora.service.exception.InvalidQuestionException,com.upgrad.quora.service.exception.AnswerNotFoundException,com.upgrad.quora.service.exception.SignUpRestrictedException

Async:
    Async started = false
     Async result = null

Resolved Exception:
             Type = org.springframework.web.bind.ServletRequestBindingException

ModelAndView:
        View name = null
             View = null
            Model = null

FlashMap:
       Attributes = null

MockHttpServletResponse:
           Status = 400
    Error message = Missing request header 'access-token' for method parameter of type String
          Headers = {}
     Content type = null
             Body = 
    Forwarded URL = null
   Redirected URL = null
          Cookies = []

MockHttpServletRequest:
      HTTP Method = GET
      Request URI = /answer/all/database_question_uuid
       Parameters = {}
          Headers = {authorization=[non_existing_access_token]}
             Body = null
    Session Attrs = {}

Handler:
             Type = com.upgrad.quora.api.Controller.AnswerController
           Method = public org.springframework.http.ResponseEntity<java.util.List<com.upgrad.quora.api.model.AnswerDetailsResponse>> com.upgrad.quora.api.Controller.AnswerController.AllAnswer(java.lang.String,java.lang.String) throws com.upgrad.quora.service.exception.UserNotFoundException,com.upgrad.quora.service.exception.UnauthorizedException,com.upgrad.quora.service.exception.AuthenticationFailedException,com.upgrad.quora.service.exception.AuthorizationFailedException,com.upgrad.quora.service.exception.InvalidQuestionException

Async:
    Async started = false
     Async result = null

Resolved Exception:
             Type = org.springframework.web.bind.ServletRequestBindingException

ModelAndView:
        View name = null
             View = null
            Model = null

FlashMap:
       Attributes = null

MockHttpServletResponse:
           Status = 400
    Error message = Missing request header 'access-token' for method parameter of type String
          Headers = {}
     Content type = null
             Body = 
    Forwarded URL = null
   Redirected URL = null
          Cookies = []

MockHttpServletRequest:
      HTTP Method = PUT
      Request URI = /answer/edit/database_answer_uuid
       Parameters = {content=[edited_answer]}
          Headers = {Content-Type=[application/json;charset=UTF-8], authorization=[database_accesstoken]}
             Body = null
    Session Attrs = {}

Handler:
             Type = com.upgrad.quora.api.Controller.AnswerController
           Method = public org.springframework.http.ResponseEntity<com.upgrad.quora.api.model.AnswerEditResponse> com.upgrad.quora.api.Controller.AnswerController.UpdateAnswer(java.lang.String,com.upgrad.quora.api.model.AnswerEditRequest,java.lang.String) throws com.upgrad.quora.service.exception.UserNotFoundException,com.upgrad.quora.service.exception.UnauthorizedException,com.upgrad.quora.service.exception.AuthenticationFailedException,com.upgrad.quora.service.exception.AuthorizationFailedException,com.upgrad.quora.service.exception.InvalidQuestionException,com.upgrad.quora.service.exception.AnswerNotFoundException

Async:
    Async started = false
     Async result = null

Resolved Exception:
             Type = org.springframework.http.converter.HttpMessageNotReadableException

ModelAndView:
        View name = null
             View = null
            Model = null

FlashMap:
       Attributes = null

MockHttpServletResponse:
           Status = 400
    Error message = null
          Headers = {}
     Content type = null
             Body = 
    Forwarded URL = null
   Redirected URL = null
          Cookies = []

MockHttpServletRequest:
      HTTP Method = PUT
      Request URI = /answer/edit/database_answer_uuid
       Parameters = {content=[edited_answer]}
          Headers = {Content-Type=[application/json;charset=UTF-8], authorization=[database_accesstoken3]}
             Body = null
    Session Attrs = {}

Handler:
             Type = com.upgrad.quora.api.Controller.AnswerController
           Method = public org.springframework.http.ResponseEntity<com.upgrad.quora.api.model.AnswerEditResponse> com.upgrad.quora.api.Controller.AnswerController.UpdateAnswer(java.lang.String,com.upgrad.quora.api.model.AnswerEditRequest,java.lang.String) throws com.upgrad.quora.service.exception.UserNotFoundException,com.upgrad.quora.service.exception.UnauthorizedException,com.upgrad.quora.service.exception.AuthenticationFailedException,com.upgrad.quora.service.exception.AuthorizationFailedException,com.upgrad.quora.service.exception.InvalidQuestionException,com.upgrad.quora.service.exception.AnswerNotFoundException

Async:
    Async started = false
     Async result = null

Resolved Exception:
             Type = org.springframework.http.converter.HttpMessageNotReadableException

ModelAndView:
        View name = null
             View = null
            Model = null

FlashMap:
       Attributes = null

MockHttpServletResponse:
           Status = 400
    Error message = null
          Headers = {}
     Content type = null
             Body = 
    Forwarded URL = null
   Redirected URL = null
          Cookies = []

MockHttpServletRequest:
      HTTP Method = POST
      Request URI = /question/database_question_uuid/answer/create
       Parameters = {answer=[my_answer]}
          Headers = {Content-Type=[application/json;charset=UTF-8], authorization=[non_existing_access_token]}
             Body = null
    Session Attrs = {}

Handler:
             Type = com.upgrad.quora.api.Controller.AnswerController
           Method = public org.springframework.http.ResponseEntity<com.upgrad.quora.api.model.AnswerResponse> com.upgrad.quora.api.Controller.AnswerController.createAnswer(java.lang.String,com.upgrad.quora.api.model.AnswerRequest,java.lang.String) throws com.upgrad.quora.service.exception.AuthorizationFailedException,com.upgrad.quora.service.exception.InvalidQuestionException

Async:
    Async started = false
     Async result = null

Resolved Exception:
             Type = org.springframework.http.converter.HttpMessageNotReadableException

ModelAndView:
        View name = null
             View = null
            Model = null

FlashMap:
       Attributes = null

MockHttpServletResponse:
           Status = 400
    Error message = null
          Headers = {}
     Content type = null
             Body = 
    Forwarded URL = null
   Redirected URL = null
          Cookies = []

MockHttpServletRequest:
      HTTP Method = POST
      Request URI = /question/database_question_uuid/answer/create
       Parameters = {answer=[my_answer]}
          Headers = {Content-Type=[application/json;charset=UTF-8], authorization=[database_accesstoken3]}
             Body = null
    Session Attrs = {}

Handler:
             Type = com.upgrad.quora.api.Controller.AnswerController
           Method = public org.springframework.http.ResponseEntity<com.upgrad.quora.api.model.AnswerResponse> com.upgrad.quora.api.Controller.AnswerController.createAnswer(java.lang.String,com.upgrad.quora.api.model.AnswerRequest,java.lang.String) throws com.upgrad.quora.service.exception.AuthorizationFailedException,com.upgrad.quora.service.exception.InvalidQuestionException

Async:
    Async started = false
     Async result = null

Resolved Exception:
             Type = org.springframework.http.converter.HttpMessageNotReadableException

ModelAndView:
        View name = null
             View = null
            Model = null

FlashMap:
       Attributes = null

MockHttpServletResponse:
           Status = 400
    Error message = null
          Headers = {}
     Content type = null
             Body = 
    Forwarded URL = null
   Redirected URL = null
          Cookies = []

MockHttpServletRequest:
      HTTP Method = PUT
      Request URI = /answer/edit/non_existing_answer_uuid
       Parameters = {content=[edited_answer]}
          Headers = {Content-Type=[application/json;charset=UTF-8], authorization=[database_accesstoken1]}
             Body = null
    Session Attrs = {}

Handler:
             Type = com.upgrad.quora.api.Controller.AnswerController
           Method = public org.springframework.http.ResponseEntity<com.upgrad.quora.api.model.AnswerEditResponse> com.upgrad.quora.api.Controller.AnswerController.UpdateAnswer(java.lang.String,com.upgrad.quora.api.model.AnswerEditRequest,java.lang.String) throws com.upgrad.quora.service.exception.UserNotFoundException,com.upgrad.quora.service.exception.UnauthorizedException,com.upgrad.quora.service.exception.AuthenticationFailedException,com.upgrad.quora.service.exception.AuthorizationFailedException,com.upgrad.quora.service.exception.InvalidQuestionException,com.upgrad.quora.service.exception.AnswerNotFoundException

Async:
    Async started = false
     Async result = null

Resolved Exception:
             Type = org.springframework.http.converter.HttpMessageNotReadableException

ModelAndView:
        View name = null
             View = null
            Model = null

FlashMap:
       Attributes = null

MockHttpServletResponse:
           Status = 400
    Error message = null
          Headers = {}
     Content type = null
             Body = 
    Forwarded URL = null
   Redirected URL = null
          Cookies = []

MockHttpServletRequest:
      HTTP Method = GET
      Request URI = /userprofile/non_existing_user
       Parameters = {}
          Headers = {authorization=[database_accesstoken]}
             Body = null
    Session Attrs = {}

Handler:
             Type = org.springframework.web.servlet.resource.ResourceHttpRequestHandler

Async:
    Async started = false
     Async result = null

Resolved Exception:
             Type = null

ModelAndView:
        View name = null
             View = null
            Model = null

FlashMap:
       Attributes = null

MockHttpServletResponse:
           Status = 404
    Error message = null
          Headers = {}
     Content type = null
             Body = 
    Forwarded URL = null
   Redirected URL = null
          Cookies = []

MockHttpServletRequest:
      HTTP Method = GET
      Request URI = /userprofile/database_uuid1
       Parameters = {}
          Headers = {authorization=[non_existing_access_token]}
             Body = null
    Session Attrs = {}

Handler:
             Type = org.springframework.web.servlet.resource.ResourceHttpRequestHandler

Async:
    Async started = false
     Async result = null

Resolved Exception:
             Type = null

ModelAndView:
        View name = null
             View = null
            Model = null

FlashMap:
       Attributes = null

MockHttpServletResponse:
           Status = 404
    Error message = null
          Headers = {}
     Content type = null
             Body = 
    Forwarded URL = null
   Redirected URL = null
          Cookies = []

MockHttpServletRequest:
      HTTP Method = GET
      Request URI = /userprofile/database_uuid1
       Parameters = {}
          Headers = {authorization=[database_accesstoken]}
             Body = null
    Session Attrs = {}

Handler:
             Type = org.springframework.web.servlet.resource.ResourceHttpRequestHandler

Async:
    Async started = false
     Async result = null

Resolved Exception:
             Type = null

ModelAndView:
        View name = null
             View = null
            Model = null

FlashMap:
       Attributes = null

MockHttpServletResponse:
           Status = 404
    Error message = null
          Headers = {}
     Content type = null
             Body = 
    Forwarded URL = null
   Redirected URL = null
          Cookies = []

MockHttpServletRequest:
      HTTP Method = GET
      Request URI = /question/all
       Parameters = {}
          Headers = {authorization=[database_accesstoken3]}
             Body = null
    Session Attrs = {}

Handler:
             Type = com.upgrad.quora.api.Controller.QuestionController
           Method = public org.springframework.http.ResponseEntity<java.util.List<com.upgrad.quora.api.model.QuestionDetailsResponse>> com.upgrad.quora.api.Controller.QuestionController.Allquestion(java.lang.String) throws com.upgrad.quora.service.exception.AuthenticationFailedException,com.upgrad.quora.service.exception.AuthorizationFailedException

Async:
    Async started = false
     Async result = null

Resolved Exception:
             Type = org.springframework.web.bind.ServletRequestBindingException

ModelAndView:
        View name = null
             View = null
            Model = null

FlashMap:
       Attributes = null

MockHttpServletResponse:
           Status = 400
    Error message = Missing request header 'access-token' for method parameter of type String
          Headers = {}
     Content type = null
             Body = 
    Forwarded URL = null
   Redirected URL = null
          Cookies = []

MockHttpServletRequest:
      HTTP Method = DELETE
      Request URI = /question/delete/database_question_uuid
       Parameters = {}
          Headers = {authorization=[database_accesstoken3]}
             Body = null
    Session Attrs = {}

Handler:
             Type = com.upgrad.quora.api.Controller.QuestionController
           Method = public org.springframework.http.ResponseEntity<com.upgrad.quora.api.model.QuestionDeleteResponse> com.upgrad.quora.api.Controller.QuestionController.Deletequestion(java.lang.String,java.lang.String) throws com.upgrad.quora.service.exception.UserNotFoundException,com.upgrad.quora.service.exception.UnauthorizedException,com.upgrad.quora.service.exception.AuthenticationFailedException,com.upgrad.quora.service.exception.AuthorizationFailedException,com.upgrad.quora.service.exception.InvalidQuestionException,com.upgrad.quora.service.exception.SignUpRestrictedException

Async:
    Async started = false
     Async result = null

Resolved Exception:
             Type = org.springframework.web.bind.ServletRequestBindingException

ModelAndView:
        View name = null
             View = null
            Model = null

FlashMap:
       Attributes = null

MockHttpServletResponse:
           Status = 400
    Error message = Missing request header 'access-token' for method parameter of type String
          Headers = {}
     Content type = null
             Body = 
    Forwarded URL = null
   Redirected URL = null
          Cookies = []

MockHttpServletRequest:
      HTTP Method = DELETE
      Request URI = /question/delete/database_question_uuid
       Parameters = {}
          Headers = {authorization=[database_accesstoken2]}
             Body = null
    Session Attrs = {}

Handler:
             Type = com.upgrad.quora.api.Controller.QuestionController
           Method = public org.springframework.http.ResponseEntity<com.upgrad.quora.api.model.QuestionDeleteResponse> com.upgrad.quora.api.Controller.QuestionController.Deletequestion(java.lang.String,java.lang.String) throws com.upgrad.quora.service.exception.UserNotFoundException,com.upgrad.quora.service.exception.UnauthorizedException,com.upgrad.quora.service.exception.AuthenticationFailedException,com.upgrad.quora.service.exception.AuthorizationFailedException,com.upgrad.quora.service.exception.InvalidQuestionException,com.upgrad.quora.service.exception.SignUpRestrictedException

Async:
    Async started = false
     Async result = null

Resolved Exception:
             Type = org.springframework.web.bind.ServletRequestBindingException

ModelAndView:
        View name = null
             View = null
            Model = null

FlashMap:
       Attributes = null

MockHttpServletResponse:
           Status = 400
    Error message = Missing request header 'access-token' for method parameter of type String
          Headers = {}
     Content type = null
             Body = 
    Forwarded URL = null
   Redirected URL = null
          Cookies = []

MockHttpServletRequest:
      HTTP Method = POST
      Request URI = /question/create
       Parameters = {content=[my_question]}
          Headers = {Content-Type=[application/json;charset=UTF-8], authorization=[database_accesstoken3]}
             Body = null
    Session Attrs = {}

Handler:
             Type = com.upgrad.quora.api.Controller.QuestionController
           Method = public org.springframework.http.ResponseEntity<com.upgrad.quora.api.model.QuestionResponse> com.upgrad.quora.api.Controller.QuestionController.questionscreate(com.upgrad.quora.api.model.QuestionRequest,java.lang.String) throws com.upgrad.quora.service.exception.AuthorizationFailedException

Async:
    Async started = false
     Async result = null

Resolved Exception:
             Type = org.springframework.http.converter.HttpMessageNotReadableException

ModelAndView:
        View name = null
             View = null
            Model = null

FlashMap:
       Attributes = null

MockHttpServletResponse:
           Status = 400
    Error message = null
          Headers = {}
     Content type = null
             Body = 
    Forwarded URL = null
   Redirected URL = null
          Cookies = []

MockHttpServletRequest:
      HTTP Method = GET
      Request URI = /question/all/database_uuid1
       Parameters = {}
          Headers = {authorization=[non_existing_access_token]}
             Body = null
    Session Attrs = {}

Handler:
             Type = com.upgrad.quora.api.Controller.QuestionController
           Method = public org.springframework.http.ResponseEntity<java.util.List<com.upgrad.quora.api.model.QuestionDetailsResponse>> com.upgrad.quora.api.Controller.QuestionController.AllquestionByuser(java.lang.Integer,java.lang.String) throws com.upgrad.quora.service.exception.UserNotFoundException,com.upgrad.quora.service.exception.UnauthorizedException,com.upgrad.quora.service.exception.AuthenticationFailedException,com.upgrad.quora.service.exception.AuthorizationFailedException,com.upgrad.quora.service.exception.InvalidQuestionException,com.upgrad.quora.service.exception.SignUpRestrictedException

Async:
    Async started = false
     Async result = null

Resolved Exception:
             Type = org.springframework.web.method.annotation.MethodArgumentTypeMismatchException

ModelAndView:
        View name = null
             View = null
            Model = null

FlashMap:
       Attributes = null

MockHttpServletResponse:
           Status = 400
    Error message = null
          Headers = {}
     Content type = null
             Body = 
    Forwarded URL = null
   Redirected URL = null
          Cookies = []

MockHttpServletRequest:
      HTTP Method = GET
      Request URI = /question/all/non_existing_user_uuid
       Parameters = {}
          Headers = {authorization=[database_accesstoken1]}
             Body = null
    Session Attrs = {}

Handler:
             Type = com.upgrad.quora.api.Controller.QuestionController
           Method = public org.springframework.http.ResponseEntity<java.util.List<com.upgrad.quora.api.model.QuestionDetailsResponse>> com.upgrad.quora.api.Controller.QuestionController.AllquestionByuser(java.lang.Integer,java.lang.String) throws com.upgrad.quora.service.exception.UserNotFoundException,com.upgrad.quora.service.exception.UnauthorizedException,com.upgrad.quora.service.exception.AuthenticationFailedException,com.upgrad.quora.service.exception.AuthorizationFailedException,com.upgrad.quora.service.exception.InvalidQuestionException,com.upgrad.quora.service.exception.SignUpRestrictedException

Async:
    Async started = false
     Async result = null

Resolved Exception:
             Type = org.springframework.web.method.annotation.MethodArgumentTypeMismatchException

ModelAndView:
        View name = null
             View = null
            Model = null

FlashMap:
       Attributes = null

MockHttpServletResponse:
           Status = 400
    Error message = null
          Headers = {}
     Content type = null
             Body = 
    Forwarded URL = null
   Redirected URL = null
          Cookies = []

MockHttpServletRequest:
      HTTP Method = POST
      Request URI = /question/create
       Parameters = {content=[my_question]}
          Headers = {Content-Type=[application/json;charset=UTF-8], authorization=[non_existing_access_token]}
             Body = null
    Session Attrs = {}

Handler:
             Type = com.upgrad.quora.api.Controller.QuestionController
           Method = public org.springframework.http.ResponseEntity<com.upgrad.quora.api.model.QuestionResponse> com.upgrad.quora.api.Controller.QuestionController.questionscreate(com.upgrad.quora.api.model.QuestionRequest,java.lang.String) throws com.upgrad.quora.service.exception.AuthorizationFailedException

Async:
    Async started = false
     Async result = null

Resolved Exception:
             Type = org.springframework.http.converter.HttpMessageNotReadableException

ModelAndView:
        View name = null
             View = null
            Model = null

FlashMap:
       Attributes = null

MockHttpServletResponse:
           Status = 400
    Error message = null
          Headers = {}
     Content type = null
             Body = 
    Forwarded URL = null
   Redirected URL = null
          Cookies = []

MockHttpServletRequest:
      HTTP Method = PUT
      Request URI = /question/edit/database_question_uuid
       Parameters = {content=[edited_question]}
          Headers = {Content-Type=[application/json;charset=UTF-8], authorization=[database_accesstoken3]}
             Body = null
    Session Attrs = {}

Handler:
             Type = com.upgrad.quora.api.Controller.QuestionController
           Method = public org.springframework.http.ResponseEntity<com.upgrad.quora.api.model.QuestionEditResponse> com.upgrad.quora.api.Controller.QuestionController.Updatequestion(java.lang.String,com.upgrad.quora.api.model.QuestionRequest,java.lang.String) throws com.upgrad.quora.service.exception.UserNotFoundException,com.upgrad.quora.service.exception.UnauthorizedException,com.upgrad.quora.service.exception.AuthenticationFailedException,com.upgrad.quora.service.exception.AuthorizationFailedException,com.upgrad.quora.service.exception.InvalidQuestionException

Async:
    Async started = false
     Async result = null

Resolved Exception:
             Type = org.springframework.http.converter.HttpMessageNotReadableException

ModelAndView:
        View name = null
             View = null
            Model = null

FlashMap:
       Attributes = null

MockHttpServletResponse:
           Status = 400
    Error message = null
          Headers = {}
     Content type = null
             Body = 
    Forwarded URL = null
   Redirected URL = null
          Cookies = []

MockHttpServletRequest:
      HTTP Method = PUT
      Request URI = /question/edit/database_question_uuid
       Parameters = {content=[edited_question]}
          Headers = {Content-Type=[application/json;charset=UTF-8], authorization=[non_existing_access_token]}
             Body = null
    Session Attrs = {}

Handler:
             Type = com.upgrad.quora.api.Controller.QuestionController
           Method = public org.springframework.http.ResponseEntity<com.upgrad.quora.api.model.QuestionEditResponse> com.upgrad.quora.api.Controller.QuestionController.Updatequestion(java.lang.String,com.upgrad.quora.api.model.QuestionRequest,java.lang.String) throws com.upgrad.quora.service.exception.UserNotFoundException,com.upgrad.quora.service.exception.UnauthorizedException,com.upgrad.quora.service.exception.AuthenticationFailedException,com.upgrad.quora.service.exception.AuthorizationFailedException,com.upgrad.quora.service.exception.InvalidQuestionException

Async:
    Async started = false
     Async result = null

Resolved Exception:
             Type = org.springframework.http.converter.HttpMessageNotReadableException

ModelAndView:
        View name = null
             View = null
            Model = null

FlashMap:
       Attributes = null

MockHttpServletResponse:
           Status = 400
    Error message = null
          Headers = {}
     Content type = null
             Body = 
    Forwarded URL = null
   Redirected URL = null
          Cookies = []

MockHttpServletRequest:
      HTTP Method = DELETE
      Request URI = /question/delete/database_question_uuid
       Parameters = {}
          Headers = {authorization=[non_existing_access_token]}
             Body = null
    Session Attrs = {}

Handler:
             Type = com.upgrad.quora.api.Controller.QuestionController
           Method = public org.springframework.http.ResponseEntity<com.upgrad.quora.api.model.QuestionDeleteResponse> com.upgrad.quora.api.Controller.QuestionController.Deletequestion(java.lang.String,java.lang.String) throws com.upgrad.quora.service.exception.UserNotFoundException,com.upgrad.quora.service.exception.UnauthorizedException,com.upgrad.quora.service.exception.AuthenticationFailedException,com.upgrad.quora.service.exception.AuthorizationFailedException,com.upgrad.quora.service.exception.InvalidQuestionException,com.upgrad.quora.service.exception.SignUpRestrictedException

Async:
    Async started = false
     Async result = null

Resolved Exception:
             Type = org.springframework.web.bind.ServletRequestBindingException

ModelAndView:
        View name = null
             View = null
            Model = null

FlashMap:
       Attributes = null

MockHttpServletResponse:
           Status = 400
    Error message = Missing request header 'access-token' for method parameter of type String
          Headers = {}
     Content type = null
             Body = 
    Forwarded URL = null
   Redirected URL = null
          Cookies = []

MockHttpServletRequest:
      HTTP Method = PUT
      Request URI = /question/edit/database_question_uuid
       Parameters = {content=[edited_question]}
          Headers = {Content-Type=[application/json;charset=UTF-8], authorization=[database_accesstoken]}
             Body = null
    Session Attrs = {}

Handler:
             Type = com.upgrad.quora.api.Controller.QuestionController
           Method = public org.springframework.http.ResponseEntity<com.upgrad.quora.api.model.QuestionEditResponse> com.upgrad.quora.api.Controller.QuestionController.Updatequestion(java.lang.String,com.upgrad.quora.api.model.QuestionRequest,java.lang.String) throws com.upgrad.quora.service.exception.UserNotFoundException,com.upgrad.quora.service.exception.UnauthorizedException,com.upgrad.quora.service.exception.AuthenticationFailedException,com.upgrad.quora.service.exception.AuthorizationFailedException,com.upgrad.quora.service.exception.InvalidQuestionException

Async:
    Async started = false
     Async result = null

Resolved Exception:
             Type = org.springframework.http.converter.HttpMessageNotReadableException

ModelAndView:
        View name = null
             View = null
            Model = null

FlashMap:
       Attributes = null

MockHttpServletResponse:
           Status = 400
    Error message = null
          Headers = {}
     Content type = null
             Body = 
    Forwarded URL = null
   Redirected URL = null
          Cookies = []

MockHttpServletRequest:
      HTTP Method = DELETE
      Request URI = /question/delete/non_existing_question_uuid
       Parameters = {}
          Headers = {authorization=[database_accesstoken1]}
             Body = null
    Session Attrs = {}

Handler:
             Type = com.upgrad.quora.api.Controller.QuestionController
           Method = public org.springframework.http.ResponseEntity<com.upgrad.quora.api.model.QuestionDeleteResponse> com.upgrad.quora.api.Controller.QuestionController.Deletequestion(java.lang.String,java.lang.String) throws com.upgrad.quora.service.exception.UserNotFoundException,com.upgrad.quora.service.exception.UnauthorizedException,com.upgrad.quora.service.exception.AuthenticationFailedException,com.upgrad.quora.service.exception.AuthorizationFailedException,com.upgrad.quora.service.exception.InvalidQuestionException,com.upgrad.quora.service.exception.SignUpRestrictedException

Async:
    Async started = false
     Async result = null

Resolved Exception:
             Type = org.springframework.web.bind.ServletRequestBindingException

ModelAndView:
        View name = null
             View = null
            Model = null

FlashMap:
       Attributes = null

MockHttpServletResponse:
           Status = 400
    Error message = Missing request header 'access-token' for method parameter of type String
          Headers = {}
     Content type = null
             Body = 
    Forwarded URL = null
   Redirected URL = null
          Cookies = []

MockHttpServletRequest:
      HTTP Method = GET
      Request URI = /question/all/database_uuid1
       Parameters = {}
          Headers = {authorization=[database_accesstoken3]}
             Body = null
    Session Attrs = {}

Handler:
             Type = com.upgrad.quora.api.Controller.QuestionController
           Method = public org.springframework.http.ResponseEntity<java.util.List<com.upgrad.quora.api.model.QuestionDetailsResponse>> com.upgrad.quora.api.Controller.QuestionController.AllquestionByuser(java.lang.Integer,java.lang.String) throws com.upgrad.quora.service.exception.UserNotFoundException,com.upgrad.quora.service.exception.UnauthorizedException,com.upgrad.quora.service.exception.AuthenticationFailedException,com.upgrad.quora.service.exception.AuthorizationFailedException,com.upgrad.quora.service.exception.InvalidQuestionException,com.upgrad.quora.service.exception.SignUpRestrictedException

Async:
    Async started = false
     Async result = null

Resolved Exception:
             Type = org.springframework.web.method.annotation.MethodArgumentTypeMismatchException

ModelAndView:
        View name = null
             View = null
            Model = null

FlashMap:
       Attributes = null

MockHttpServletResponse:
           Status = 400
    Error message = null
          Headers = {}
     Content type = null
             Body = 
    Forwarded URL = null
   Redirected URL = null
          Cookies = []

MockHttpServletRequest:
      HTTP Method = PUT
      Request URI = /question/edit/non_exisitng_question_uuid
       Parameters = {content=[edited_question]}
          Headers = {Content-Type=[application/json;charset=UTF-8], authorization=[database_accesstoken1]}
             Body = null
    Session Attrs = {}

Handler:
             Type = com.upgrad.quora.api.Controller.QuestionController
           Method = public org.springframework.http.ResponseEntity<com.upgrad.quora.api.model.QuestionEditResponse> com.upgrad.quora.api.Controller.QuestionController.Updatequestion(java.lang.String,com.upgrad.quora.api.model.QuestionRequest,java.lang.String) throws com.upgrad.quora.service.exception.UserNotFoundException,com.upgrad.quora.service.exception.UnauthorizedException,com.upgrad.quora.service.exception.AuthenticationFailedException,com.upgrad.quora.service.exception.AuthorizationFailedException,com.upgrad.quora.service.exception.InvalidQuestionException

Async:
    Async started = false
     Async result = null

Resolved Exception:
             Type = org.springframework.http.converter.HttpMessageNotReadableException

ModelAndView:
        View name = null
             View = null
            Model = null

FlashMap:
       Attributes = null

MockHttpServletResponse:
           Status = 400
    Error message = null
          Headers = {}
     Content type = null
             Body = 
    Forwarded URL = null
   Redirected URL = null
          Cookies = []

MockHttpServletRequest:
      HTTP Method = GET
      Request URI = /question/all
       Parameters = {}
          Headers = {authorization=[database_accesstoken1]}
             Body = null
    Session Attrs = {}

Handler:
             Type = com.upgrad.quora.api.Controller.QuestionController
           Method = public org.springframework.http.ResponseEntity<java.util.List<com.upgrad.quora.api.model.QuestionDetailsResponse>> com.upgrad.quora.api.Controller.QuestionController.Allquestion(java.lang.String) throws com.upgrad.quora.service.exception.AuthenticationFailedException,com.upgrad.quora.service.exception.AuthorizationFailedException

Async:
    Async started = false
     Async result = null

Resolved Exception:
             Type = org.springframework.web.bind.ServletRequestBindingException

ModelAndView:
        View name = null
             View = null
            Model = null

FlashMap:
       Attributes = null

MockHttpServletResponse:
           Status = 400
    Error message = Missing request header 'access-token' for method parameter of type String
          Headers = {}
     Content type = null
             Body = 
    Forwarded URL = null
   Redirected URL = null
          Cookies = []

MockHttpServletRequest:
      HTTP Method = GET
      Request URI = /question/all
       Parameters = {}
          Headers = {authorization=[non_existing_access_token]}
             Body = null
    Session Attrs = {}

Handler:
             Type = com.upgrad.quora.api.Controller.QuestionController
           Method = public org.springframework.http.ResponseEntity<java.util.List<com.upgrad.quora.api.model.QuestionDetailsResponse>> com.upgrad.quora.api.Controller.QuestionController.Allquestion(java.lang.String) throws com.upgrad.quora.service.exception.AuthenticationFailedException,com.upgrad.quora.service.exception.AuthorizationFailedException

Async:
    Async started = false
     Async result = null

Resolved Exception:
             Type = org.springframework.web.bind.ServletRequestBindingException

ModelAndView:
        View name = null
             View = null
            Model = null

FlashMap:
       Attributes = null

MockHttpServletResponse:
           Status = 400
    Error message = Missing request header 'access-token' for method parameter of type String
          Headers = {}
     Content type = null
             Body = 
    Forwarded URL = null
   Redirected URL = null
          Cookies = []

MockHttpServletRequest:
      HTTP Method = POST
      Request URI = /user/signup
       Parameters = {firstName=[a], lastName=[a], userName=[non_existing_username], emailAddress=[database_email], password=[a], country=[a], aboutMe=[a], dob=[a], contactNumber=[a]}
          Headers = {Content-Type=[application/json;charset=UTF-8]}
             Body = null
    Session Attrs = {}

Handler:
             Type = org.springframework.web.servlet.resource.ResourceHttpRequestHandler

Async:
    Async started = false
     Async result = null

Resolved Exception:
             Type = null

ModelAndView:
        View name = null
             View = null
            Model = null

FlashMap:
       Attributes = null

MockHttpServletResponse:
           Status = 404
    Error message = null
          Headers = {}
     Content type = null
             Body = 
    Forwarded URL = null
   Redirected URL = null
          Cookies = []
]]></system-out>
  </testcase>
  <testcase name="signoutWithNonExistingAccessToken" classname="com.upgrad.quora.api.controller.UserControllerTest" time="0.236">
    <failure message="Status expected:&lt;401&gt; but was:&lt;404&gt;" type="java.lang.AssertionError"><![CDATA[java.lang.AssertionError: Status expected:<401> but was:<404>
	at com.upgrad.quora.api.controller.UserControllerTest.signoutWithNonExistingAccessToken(UserControllerTest.java:45)
]]></failure>
    <system-out><![CDATA[
MockHttpServletRequest:
      HTTP Method = DELETE
      Request URI = /admin/user/database_uuid4
       Parameters = {}
          Headers = {authorization=[database_accesstoken1]}
             Body = null
    Session Attrs = {}

Handler:
             Type = org.springframework.web.servlet.resource.ResourceHttpRequestHandler

Async:
    Async started = false
     Async result = null

Resolved Exception:
             Type = null

ModelAndView:
        View name = null
             View = null
            Model = null

FlashMap:
       Attributes = null

MockHttpServletResponse:
           Status = 404
    Error message = null
          Headers = {}
     Content type = null
             Body = 
    Forwarded URL = null
   Redirected URL = null
          Cookies = []

MockHttpServletRequest:
      HTTP Method = DELETE
      Request URI = /admin/user/database_uuid4
       Parameters = {}
          Headers = {authorization=[non_existing_access_token]}
             Body = null
    Session Attrs = {}

Handler:
             Type = org.springframework.web.servlet.resource.ResourceHttpRequestHandler

Async:
    Async started = false
     Async result = null

Resolved Exception:
             Type = null

ModelAndView:
        View name = null
             View = null
            Model = null

FlashMap:
       Attributes = null

MockHttpServletResponse:
           Status = 404
    Error message = null
          Headers = {}
     Content type = null
             Body = 
    Forwarded URL = null
   Redirected URL = null
          Cookies = []

MockHttpServletRequest:
      HTTP Method = DELETE
      Request URI = /admin/user/non_existing_user_uuid
       Parameters = {}
          Headers = {authorization=[database_accesstoken]}
             Body = null
    Session Attrs = {}

Handler:
             Type = org.springframework.web.servlet.resource.ResourceHttpRequestHandler

Async:
    Async started = false
     Async result = null

Resolved Exception:
             Type = null

ModelAndView:
        View name = null
             View = null
            Model = null

FlashMap:
       Attributes = null

MockHttpServletResponse:
           Status = 404
    Error message = null
          Headers = {}
     Content type = null
             Body = 
    Forwarded URL = null
   Redirected URL = null
          Cookies = []

MockHttpServletRequest:
      HTTP Method = DELETE
      Request URI = /answer/delete/database_answer_uuid
       Parameters = {}
          Headers = {authorization=[non_existing_access_token]}
             Body = null
    Session Attrs = {}

Handler:
             Type = com.upgrad.quora.api.Controller.AnswerController
           Method = public org.springframework.http.ResponseEntity<com.upgrad.quora.api.model.AnswerDeleteResponse> com.upgrad.quora.api.Controller.AnswerController.Deleteanswer(java.lang.String,java.lang.String) throws com.upgrad.quora.service.exception.UserNotFoundException,com.upgrad.quora.service.exception.UnauthorizedException,com.upgrad.quora.service.exception.AuthenticationFailedException,com.upgrad.quora.service.exception.AuthorizationFailedException,com.upgrad.quora.service.exception.InvalidQuestionException,com.upgrad.quora.service.exception.AnswerNotFoundException,com.upgrad.quora.service.exception.SignUpRestrictedException

Async:
    Async started = false
     Async result = null

Resolved Exception:
             Type = org.springframework.web.bind.ServletRequestBindingException

ModelAndView:
        View name = null
             View = null
            Model = null

FlashMap:
       Attributes = null

MockHttpServletResponse:
           Status = 400
    Error message = Missing request header 'access-token' for method parameter of type String
          Headers = {}
     Content type = null
             Body = 
    Forwarded URL = null
   Redirected URL = null
          Cookies = []

MockHttpServletRequest:
      HTTP Method = GET
      Request URI = /answer/all/non_existing_question_uuid
       Parameters = {}
          Headers = {authorization=[database_accesstoken]}
             Body = null
    Session Attrs = {}

Handler:
             Type = com.upgrad.quora.api.Controller.AnswerController
           Method = public org.springframework.http.ResponseEntity<java.util.List<com.upgrad.quora.api.model.AnswerDetailsResponse>> com.upgrad.quora.api.Controller.AnswerController.AllAnswer(java.lang.String,java.lang.String) throws com.upgrad.quora.service.exception.UserNotFoundException,com.upgrad.quora.service.exception.UnauthorizedException,com.upgrad.quora.service.exception.AuthenticationFailedException,com.upgrad.quora.service.exception.AuthorizationFailedException,com.upgrad.quora.service.exception.InvalidQuestionException

Async:
    Async started = false
     Async result = null

Resolved Exception:
             Type = org.springframework.web.bind.ServletRequestBindingException

ModelAndView:
        View name = null
             View = null
            Model = null

FlashMap:
       Attributes = null

MockHttpServletResponse:
           Status = 400
    Error message = Missing request header 'access-token' for method parameter of type String
          Headers = {}
     Content type = null
             Body = 
    Forwarded URL = null
   Redirected URL = null
          Cookies = []

MockHttpServletRequest:
      HTTP Method = GET
      Request URI = /answer/all/database_question_uuid
       Parameters = {}
          Headers = {authorization=[database_accesstoken3]}
             Body = null
    Session Attrs = {}

Handler:
             Type = com.upgrad.quora.api.Controller.AnswerController
           Method = public org.springframework.http.ResponseEntity<java.util.List<com.upgrad.quora.api.model.AnswerDetailsResponse>> com.upgrad.quora.api.Controller.AnswerController.AllAnswer(java.lang.String,java.lang.String) throws com.upgrad.quora.service.exception.UserNotFoundException,com.upgrad.quora.service.exception.UnauthorizedException,com.upgrad.quora.service.exception.AuthenticationFailedException,com.upgrad.quora.service.exception.AuthorizationFailedException,com.upgrad.quora.service.exception.InvalidQuestionException

Async:
    Async started = false
     Async result = null

Resolved Exception:
             Type = org.springframework.web.bind.ServletRequestBindingException

ModelAndView:
        View name = null
             View = null
            Model = null

FlashMap:
       Attributes = null

MockHttpServletResponse:
           Status = 400
    Error message = Missing request header 'access-token' for method parameter of type String
          Headers = {}
     Content type = null
             Body = 
    Forwarded URL = null
   Redirected URL = null
          Cookies = []

MockHttpServletRequest:
      HTTP Method = PUT
      Request URI = /answer/edit/database_answer_uuid
       Parameters = {content=[edited_answer]}
          Headers = {Content-Type=[application/json;charset=UTF-8], authorization=[non_existing_access_token]}
             Body = null
    Session Attrs = {}

Handler:
             Type = com.upgrad.quora.api.Controller.AnswerController
           Method = public org.springframework.http.ResponseEntity<com.upgrad.quora.api.model.AnswerEditResponse> com.upgrad.quora.api.Controller.AnswerController.UpdateAnswer(java.lang.String,com.upgrad.quora.api.model.AnswerEditRequest,java.lang.String) throws com.upgrad.quora.service.exception.UserNotFoundException,com.upgrad.quora.service.exception.UnauthorizedException,com.upgrad.quora.service.exception.AuthenticationFailedException,com.upgrad.quora.service.exception.AuthorizationFailedException,com.upgrad.quora.service.exception.InvalidQuestionException,com.upgrad.quora.service.exception.AnswerNotFoundException

Async:
    Async started = false
     Async result = null

Resolved Exception:
             Type = org.springframework.http.converter.HttpMessageNotReadableException

ModelAndView:
        View name = null
             View = null
            Model = null

FlashMap:
       Attributes = null

MockHttpServletResponse:
           Status = 400
    Error message = null
          Headers = {}
     Content type = null
             Body = 
    Forwarded URL = null
   Redirected URL = null
          Cookies = []

MockHttpServletRequest:
      HTTP Method = DELETE
      Request URI = /answer/delete/database_answer_uuid
       Parameters = {}
          Headers = {authorization=[database_accesstoken3]}
             Body = null
    Session Attrs = {}

Handler:
             Type = com.upgrad.quora.api.Controller.AnswerController
           Method = public org.springframework.http.ResponseEntity<com.upgrad.quora.api.model.AnswerDeleteResponse> com.upgrad.quora.api.Controller.AnswerController.Deleteanswer(java.lang.String,java.lang.String) throws com.upgrad.quora.service.exception.UserNotFoundException,com.upgrad.quora.service.exception.UnauthorizedException,com.upgrad.quora.service.exception.AuthenticationFailedException,com.upgrad.quora.service.exception.AuthorizationFailedException,com.upgrad.quora.service.exception.InvalidQuestionException,com.upgrad.quora.service.exception.AnswerNotFoundException,com.upgrad.quora.service.exception.SignUpRestrictedException

Async:
    Async started = false
     Async result = null

Resolved Exception:
             Type = org.springframework.web.bind.ServletRequestBindingException

ModelAndView:
        View name = null
             View = null
            Model = null

FlashMap:
       Attributes = null

MockHttpServletResponse:
           Status = 400
    Error message = Missing request header 'access-token' for method parameter of type String
          Headers = {}
     Content type = null
             Body = 
    Forwarded URL = null
   Redirected URL = null
          Cookies = []

MockHttpServletRequest:
      HTTP Method = POST
      Request URI = /question/non_existing_question_uuid/answer/create
       Parameters = {answer=[my_answer]}
          Headers = {Content-Type=[application/json;charset=UTF-8], authorization=[database_accesstoken]}
             Body = null
    Session Attrs = {}

Handler:
             Type = com.upgrad.quora.api.Controller.AnswerController
           Method = public org.springframework.http.ResponseEntity<com.upgrad.quora.api.model.AnswerResponse> com.upgrad.quora.api.Controller.AnswerController.createAnswer(java.lang.String,com.upgrad.quora.api.model.AnswerRequest,java.lang.String) throws com.upgrad.quora.service.exception.AuthorizationFailedException,com.upgrad.quora.service.exception.InvalidQuestionException

Async:
    Async started = false
     Async result = null

Resolved Exception:
             Type = org.springframework.http.converter.HttpMessageNotReadableException

ModelAndView:
        View name = null
             View = null
            Model = null

FlashMap:
       Attributes = null

MockHttpServletResponse:
           Status = 400
    Error message = null
          Headers = {}
     Content type = null
             Body = 
    Forwarded URL = null
   Redirected URL = null
          Cookies = []

MockHttpServletRequest:
      HTTP Method = DELETE
      Request URI = /answer/delete/database_answer_uuid
       Parameters = {}
          Headers = {authorization=[database_accesstoken2]}
             Body = null
    Session Attrs = {}

Handler:
             Type = com.upgrad.quora.api.Controller.AnswerController
           Method = public org.springframework.http.ResponseEntity<com.upgrad.quora.api.model.AnswerDeleteResponse> com.upgrad.quora.api.Controller.AnswerController.Deleteanswer(java.lang.String,java.lang.String) throws com.upgrad.quora.service.exception.UserNotFoundException,com.upgrad.quora.service.exception.UnauthorizedException,com.upgrad.quora.service.exception.AuthenticationFailedException,com.upgrad.quora.service.exception.AuthorizationFailedException,com.upgrad.quora.service.exception.InvalidQuestionException,com.upgrad.quora.service.exception.AnswerNotFoundException,com.upgrad.quora.service.exception.SignUpRestrictedException

Async:
    Async started = false
     Async result = null

Resolved Exception:
             Type = org.springframework.web.bind.ServletRequestBindingException

ModelAndView:
        View name = null
             View = null
            Model = null

FlashMap:
       Attributes = null

MockHttpServletResponse:
           Status = 400
    Error message = Missing request header 'access-token' for method parameter of type String
          Headers = {}
     Content type = null
             Body = 
    Forwarded URL = null
   Redirected URL = null
          Cookies = []

MockHttpServletRequest:
      HTTP Method = DELETE
      Request URI = /answer/delete/non_existing_answer_uuid
       Parameters = {}
          Headers = {authorization=[database_accesstoken1]}
             Body = null
    Session Attrs = {}

Handler:
             Type = com.upgrad.quora.api.Controller.AnswerController
           Method = public org.springframework.http.ResponseEntity<com.upgrad.quora.api.model.AnswerDeleteResponse> com.upgrad.quora.api.Controller.AnswerController.Deleteanswer(java.lang.String,java.lang.String) throws com.upgrad.quora.service.exception.UserNotFoundException,com.upgrad.quora.service.exception.UnauthorizedException,com.upgrad.quora.service.exception.AuthenticationFailedException,com.upgrad.quora.service.exception.AuthorizationFailedException,com.upgrad.quora.service.exception.InvalidQuestionException,com.upgrad.quora.service.exception.AnswerNotFoundException,com.upgrad.quora.service.exception.SignUpRestrictedException

Async:
    Async started = false
     Async result = null

Resolved Exception:
             Type = org.springframework.web.bind.ServletRequestBindingException

ModelAndView:
        View name = null
             View = null
            Model = null

FlashMap:
       Attributes = null

MockHttpServletResponse:
           Status = 400
    Error message = Missing request header 'access-token' for method parameter of type String
          Headers = {}
     Content type = null
             Body = 
    Forwarded URL = null
   Redirected URL = null
          Cookies = []

MockHttpServletRequest:
      HTTP Method = GET
      Request URI = /answer/all/database_question_uuid
       Parameters = {}
          Headers = {authorization=[non_existing_access_token]}
             Body = null
    Session Attrs = {}

Handler:
             Type = com.upgrad.quora.api.Controller.AnswerController
           Method = public org.springframework.http.ResponseEntity<java.util.List<com.upgrad.quora.api.model.AnswerDetailsResponse>> com.upgrad.quora.api.Controller.AnswerController.AllAnswer(java.lang.String,java.lang.String) throws com.upgrad.quora.service.exception.UserNotFoundException,com.upgrad.quora.service.exception.UnauthorizedException,com.upgrad.quora.service.exception.AuthenticationFailedException,com.upgrad.quora.service.exception.AuthorizationFailedException,com.upgrad.quora.service.exception.InvalidQuestionException

Async:
    Async started = false
     Async result = null

Resolved Exception:
             Type = org.springframework.web.bind.ServletRequestBindingException

ModelAndView:
        View name = null
             View = null
            Model = null

FlashMap:
       Attributes = null

MockHttpServletResponse:
           Status = 400
    Error message = Missing request header 'access-token' for method parameter of type String
          Headers = {}
     Content type = null
             Body = 
    Forwarded URL = null
   Redirected URL = null
          Cookies = []

MockHttpServletRequest:
      HTTP Method = PUT
      Request URI = /answer/edit/database_answer_uuid
       Parameters = {content=[edited_answer]}
          Headers = {Content-Type=[application/json;charset=UTF-8], authorization=[database_accesstoken]}
             Body = null
    Session Attrs = {}

Handler:
             Type = com.upgrad.quora.api.Controller.AnswerController
           Method = public org.springframework.http.ResponseEntity<com.upgrad.quora.api.model.AnswerEditResponse> com.upgrad.quora.api.Controller.AnswerController.UpdateAnswer(java.lang.String,com.upgrad.quora.api.model.AnswerEditRequest,java.lang.String) throws com.upgrad.quora.service.exception.UserNotFoundException,com.upgrad.quora.service.exception.UnauthorizedException,com.upgrad.quora.service.exception.AuthenticationFailedException,com.upgrad.quora.service.exception.AuthorizationFailedException,com.upgrad.quora.service.exception.InvalidQuestionException,com.upgrad.quora.service.exception.AnswerNotFoundException

Async:
    Async started = false
     Async result = null

Resolved Exception:
             Type = org.springframework.http.converter.HttpMessageNotReadableException

ModelAndView:
        View name = null
             View = null
            Model = null

FlashMap:
       Attributes = null

MockHttpServletResponse:
           Status = 400
    Error message = null
          Headers = {}
     Content type = null
             Body = 
    Forwarded URL = null
   Redirected URL = null
          Cookies = []

MockHttpServletRequest:
      HTTP Method = PUT
      Request URI = /answer/edit/database_answer_uuid
       Parameters = {content=[edited_answer]}
          Headers = {Content-Type=[application/json;charset=UTF-8], authorization=[database_accesstoken3]}
             Body = null
    Session Attrs = {}

Handler:
             Type = com.upgrad.quora.api.Controller.AnswerController
           Method = public org.springframework.http.ResponseEntity<com.upgrad.quora.api.model.AnswerEditResponse> com.upgrad.quora.api.Controller.AnswerController.UpdateAnswer(java.lang.String,com.upgrad.quora.api.model.AnswerEditRequest,java.lang.String) throws com.upgrad.quora.service.exception.UserNotFoundException,com.upgrad.quora.service.exception.UnauthorizedException,com.upgrad.quora.service.exception.AuthenticationFailedException,com.upgrad.quora.service.exception.AuthorizationFailedException,com.upgrad.quora.service.exception.InvalidQuestionException,com.upgrad.quora.service.exception.AnswerNotFoundException

Async:
    Async started = false
     Async result = null

Resolved Exception:
             Type = org.springframework.http.converter.HttpMessageNotReadableException

ModelAndView:
        View name = null
             View = null
            Model = null

FlashMap:
       Attributes = null

MockHttpServletResponse:
           Status = 400
    Error message = null
          Headers = {}
     Content type = null
             Body = 
    Forwarded URL = null
   Redirected URL = null
          Cookies = []

MockHttpServletRequest:
      HTTP Method = POST
      Request URI = /question/database_question_uuid/answer/create
       Parameters = {answer=[my_answer]}
          Headers = {Content-Type=[application/json;charset=UTF-8], authorization=[non_existing_access_token]}
             Body = null
    Session Attrs = {}

Handler:
             Type = com.upgrad.quora.api.Controller.AnswerController
           Method = public org.springframework.http.ResponseEntity<com.upgrad.quora.api.model.AnswerResponse> com.upgrad.quora.api.Controller.AnswerController.createAnswer(java.lang.String,com.upgrad.quora.api.model.AnswerRequest,java.lang.String) throws com.upgrad.quora.service.exception.AuthorizationFailedException,com.upgrad.quora.service.exception.InvalidQuestionException

Async:
    Async started = false
     Async result = null

Resolved Exception:
             Type = org.springframework.http.converter.HttpMessageNotReadableException

ModelAndView:
        View name = null
             View = null
            Model = null

FlashMap:
       Attributes = null

MockHttpServletResponse:
           Status = 400
    Error message = null
          Headers = {}
     Content type = null
             Body = 
    Forwarded URL = null
   Redirected URL = null
          Cookies = []

MockHttpServletRequest:
      HTTP Method = POST
      Request URI = /question/database_question_uuid/answer/create
       Parameters = {answer=[my_answer]}
          Headers = {Content-Type=[application/json;charset=UTF-8], authorization=[database_accesstoken3]}
             Body = null
    Session Attrs = {}

Handler:
             Type = com.upgrad.quora.api.Controller.AnswerController
           Method = public org.springframework.http.ResponseEntity<com.upgrad.quora.api.model.AnswerResponse> com.upgrad.quora.api.Controller.AnswerController.createAnswer(java.lang.String,com.upgrad.quora.api.model.AnswerRequest,java.lang.String) throws com.upgrad.quora.service.exception.AuthorizationFailedException,com.upgrad.quora.service.exception.InvalidQuestionException

Async:
    Async started = false
     Async result = null

Resolved Exception:
             Type = org.springframework.http.converter.HttpMessageNotReadableException

ModelAndView:
        View name = null
             View = null
            Model = null

FlashMap:
       Attributes = null

MockHttpServletResponse:
           Status = 400
    Error message = null
          Headers = {}
     Content type = null
             Body = 
    Forwarded URL = null
   Redirected URL = null
          Cookies = []

MockHttpServletRequest:
      HTTP Method = PUT
      Request URI = /answer/edit/non_existing_answer_uuid
       Parameters = {content=[edited_answer]}
          Headers = {Content-Type=[application/json;charset=UTF-8], authorization=[database_accesstoken1]}
             Body = null
    Session Attrs = {}

Handler:
             Type = com.upgrad.quora.api.Controller.AnswerController
           Method = public org.springframework.http.ResponseEntity<com.upgrad.quora.api.model.AnswerEditResponse> com.upgrad.quora.api.Controller.AnswerController.UpdateAnswer(java.lang.String,com.upgrad.quora.api.model.AnswerEditRequest,java.lang.String) throws com.upgrad.quora.service.exception.UserNotFoundException,com.upgrad.quora.service.exception.UnauthorizedException,com.upgrad.quora.service.exception.AuthenticationFailedException,com.upgrad.quora.service.exception.AuthorizationFailedException,com.upgrad.quora.service.exception.InvalidQuestionException,com.upgrad.quora.service.exception.AnswerNotFoundException

Async:
    Async started = false
     Async result = null

Resolved Exception:
             Type = org.springframework.http.converter.HttpMessageNotReadableException

ModelAndView:
        View name = null
             View = null
            Model = null

FlashMap:
       Attributes = null

MockHttpServletResponse:
           Status = 400
    Error message = null
          Headers = {}
     Content type = null
             Body = 
    Forwarded URL = null
   Redirected URL = null
          Cookies = []

MockHttpServletRequest:
      HTTP Method = GET
      Request URI = /userprofile/non_existing_user
       Parameters = {}
          Headers = {authorization=[database_accesstoken]}
             Body = null
    Session Attrs = {}

Handler:
             Type = org.springframework.web.servlet.resource.ResourceHttpRequestHandler

Async:
    Async started = false
     Async result = null

Resolved Exception:
             Type = null

ModelAndView:
        View name = null
             View = null
            Model = null

FlashMap:
       Attributes = null

MockHttpServletResponse:
           Status = 404
    Error message = null
          Headers = {}
     Content type = null
             Body = 
    Forwarded URL = null
   Redirected URL = null
          Cookies = []

MockHttpServletRequest:
      HTTP Method = GET
      Request URI = /userprofile/database_uuid1
       Parameters = {}
          Headers = {authorization=[non_existing_access_token]}
             Body = null
    Session Attrs = {}

Handler:
             Type = org.springframework.web.servlet.resource.ResourceHttpRequestHandler

Async:
    Async started = false
     Async result = null

Resolved Exception:
             Type = null

ModelAndView:
        View name = null
             View = null
            Model = null

FlashMap:
       Attributes = null

MockHttpServletResponse:
           Status = 404
    Error message = null
          Headers = {}
     Content type = null
             Body = 
    Forwarded URL = null
   Redirected URL = null
          Cookies = []

MockHttpServletRequest:
      HTTP Method = GET
      Request URI = /userprofile/database_uuid1
       Parameters = {}
          Headers = {authorization=[database_accesstoken]}
             Body = null
    Session Attrs = {}

Handler:
             Type = org.springframework.web.servlet.resource.ResourceHttpRequestHandler

Async:
    Async started = false
     Async result = null

Resolved Exception:
             Type = null

ModelAndView:
        View name = null
             View = null
            Model = null

FlashMap:
       Attributes = null

MockHttpServletResponse:
           Status = 404
    Error message = null
          Headers = {}
     Content type = null
             Body = 
    Forwarded URL = null
   Redirected URL = null
          Cookies = []

MockHttpServletRequest:
      HTTP Method = GET
      Request URI = /question/all
       Parameters = {}
          Headers = {authorization=[database_accesstoken3]}
             Body = null
    Session Attrs = {}

Handler:
             Type = com.upgrad.quora.api.Controller.QuestionController
           Method = public org.springframework.http.ResponseEntity<java.util.List<com.upgrad.quora.api.model.QuestionDetailsResponse>> com.upgrad.quora.api.Controller.QuestionController.Allquestion(java.lang.String) throws com.upgrad.quora.service.exception.AuthenticationFailedException,com.upgrad.quora.service.exception.AuthorizationFailedException

Async:
    Async started = false
     Async result = null

Resolved Exception:
             Type = org.springframework.web.bind.ServletRequestBindingException

ModelAndView:
        View name = null
             View = null
            Model = null

FlashMap:
       Attributes = null

MockHttpServletResponse:
           Status = 400
    Error message = Missing request header 'access-token' for method parameter of type String
          Headers = {}
     Content type = null
             Body = 
    Forwarded URL = null
   Redirected URL = null
          Cookies = []

MockHttpServletRequest:
      HTTP Method = DELETE
      Request URI = /question/delete/database_question_uuid
       Parameters = {}
          Headers = {authorization=[database_accesstoken3]}
             Body = null
    Session Attrs = {}

Handler:
             Type = com.upgrad.quora.api.Controller.QuestionController
[...]
Async:
    Async started = false
     Async result = null

Resolved Exception:
             Type = org.springframework.http.converter.HttpMessageNotReadableException

ModelAndView:
        View name = null
             View = null
            Model = null

FlashMap:
       Attributes = null

MockHttpServletResponse:
           Status = 400
    Error message = null
          Headers = {}
     Content type = null
             Body = 
    Forwarded URL = null
   Redirected URL = null
          Cookies = []

MockHttpServletRequest:
      HTTP Method = GET
      Request URI = /question/all/database_uuid1
       Parameters = {}
          Headers = {authorization=[non_existing_access_token]}
             Body = null
    Session Attrs = {}

Handler:
             Type = com.upgrad.quora.api.Controller.QuestionController
           Method = public org.springframework.http.ResponseEntity<java.util.List<com.upgrad.quora.api.model.QuestionDetailsResponse>> com.upgrad.quora.api.Controller.QuestionController.AllquestionByuser(java.lang.Integer,java.lang.String) throws com.upgrad.quora.service.exception.UserNotFoundException,com.upgrad.quora.service.exception.UnauthorizedException,com.upgrad.quora.service.exception.AuthenticationFailedException,com.upgrad.quora.service.exception.AuthorizationFailedException,com.upgrad.quora.service.exception.InvalidQuestionException,com.upgrad.quora.service.exception.SignUpRestrictedException

Async:
    Async started = false
     Async result = null

Resolved Exception:
             Type = org.springframework.web.method.annotation.MethodArgumentTypeMismatchException

ModelAndView:
        View name = null
             View = null
            Model = null

FlashMap:
       Attributes = null

MockHttpServletResponse:
           Status = 400
    Error message = null
          Headers = {}
     Content type = null
             Body = 
    Forwarded URL = null
   Redirected URL = null
          Cookies = []

MockHttpServletRequest:
      HTTP Method = GET
      Request URI = /question/all/non_existing_user_uuid
       Parameters = {}
          Headers = {authorization=[database_accesstoken1]}
             Body = null
    Session Attrs = {}

Handler:
             Type = com.upgrad.quora.api.Controller.QuestionController
           Method = public org.springframework.http.ResponseEntity<java.util.List<com.upgrad.quora.api.model.QuestionDetailsResponse>> com.upgrad.quora.api.Controller.QuestionController.AllquestionByuser(java.lang.Integer,java.lang.String) throws com.upgrad.quora.service.exception.UserNotFoundException,com.upgrad.quora.service.exception.UnauthorizedException,com.upgrad.quora.service.exception.AuthenticationFailedException,com.upgrad.quora.service.exception.AuthorizationFailedException,com.upgrad.quora.service.exception.InvalidQuestionException,com.upgrad.quora.service.exception.SignUpRestrictedException

Async:
    Async started = false
     Async result = null

Resolved Exception:
             Type = org.springframework.web.method.annotation.MethodArgumentTypeMismatchException

ModelAndView:
        View name = null
             View = null
            Model = null

FlashMap:
       Attributes = null

MockHttpServletResponse:
           Status = 400
    Error message = null
          Headers = {}
     Content type = null
             Body = 
    Forwarded URL = null
   Redirected URL = null
          Cookies = []

MockHttpServletRequest:
      HTTP Method = POST
      Request URI = /question/create
       Parameters = {content=[my_question]}
          Headers = {Content-Type=[application/json;charset=UTF-8], authorization=[non_existing_access_token]}
             Body = null
    Session Attrs = {}

Handler:
             Type = com.upgrad.quora.api.Controller.QuestionController
           Method = public org.springframework.http.ResponseEntity<com.upgrad.quora.api.model.QuestionResponse> com.upgrad.quora.api.Controller.QuestionController.questionscreate(com.upgrad.quora.api.model.QuestionRequest,java.lang.String) throws com.upgrad.quora.service.exception.AuthorizationFailedException

Async:
    Async started = false
     Async result = null

Resolved Exception:
             Type = org.springframework.http.converter.HttpMessageNotReadableException

ModelAndView:
        View name = null
             View = null
            Model = null

FlashMap:
       Attributes = null

MockHttpServletResponse:
           Status = 400
    Error message = null
          Headers = {}
     Content type = null
             Body = 
    Forwarded URL = null
   Redirected URL = null
          Cookies = []

MockHttpServletRequest:
      HTTP Method = PUT
      Request URI = /question/edit/database_question_uuid
       Parameters = {content=[edited_question]}
          Headers = {Content-Type=[application/json;charset=UTF-8], authorization=[database_accesstoken3]}
             Body = null
    Session Attrs = {}

Handler:
             Type = com.upgrad.quora.api.Controller.QuestionController
           Method = public org.springframework.http.ResponseEntity<com.upgrad.quora.api.model.QuestionEditResponse> com.upgrad.quora.api.Controller.QuestionController.Updatequestion(java.lang.String,com.upgrad.quora.api.model.QuestionRequest,java.lang.String) throws com.upgrad.quora.service.exception.UserNotFoundException,com.upgrad.quora.service.exception.UnauthorizedException,com.upgrad.quora.service.exception.AuthenticationFailedException,com.upgrad.quora.service.exception.AuthorizationFailedException,com.upgrad.quora.service.exception.InvalidQuestionException

Async:
    Async started = false
     Async result = null

Resolved Exception:
             Type = org.springframework.http.converter.HttpMessageNotReadableException

ModelAndView:
        View name = null
             View = null
            Model = null

FlashMap:
       Attributes = null

MockHttpServletResponse:
           Status = 400
    Error message = null
          Headers = {}
     Content type = null
             Body = 
    Forwarded URL = null
   Redirected URL = null
          Cookies = []

MockHttpServletRequest:
      HTTP Method = PUT
      Request URI = /question/edit/database_question_uuid
       Parameters = {content=[edited_question]}
          Headers = {Content-Type=[application/json;charset=UTF-8], authorization=[non_existing_access_token]}
             Body = null
    Session Attrs = {}

Handler:
             Type = com.upgrad.quora.api.Controller.QuestionController
           Method = public org.springframework.http.ResponseEntity<com.upgrad.quora.api.model.QuestionEditResponse> com.upgrad.quora.api.Controller.QuestionController.Updatequestion(java.lang.String,com.upgrad.quora.api.model.QuestionRequest,java.lang.String) throws com.upgrad.quora.service.exception.UserNotFoundException,com.upgrad.quora.service.exception.UnauthorizedException,com.upgrad.quora.service.exception.AuthenticationFailedException,com.upgrad.quora.service.exception.AuthorizationFailedException,com.upgrad.quora.service.exception.InvalidQuestionException

Async:
    Async started = false
     Async result = null

Resolved Exception:
             Type = org.springframework.http.converter.HttpMessageNotReadableException

ModelAndView:
        View name = null
             View = null
            Model = null

FlashMap:
       Attributes = null

MockHttpServletResponse:
           Status = 400
    Error message = null
          Headers = {}
     Content type = null
             Body = 
    Forwarded URL = null
   Redirected URL = null
          Cookies = []

MockHttpServletRequest:
      HTTP Method = DELETE
      Request URI = /question/delete/database_question_uuid
       Parameters = {}
          Headers = {authorization=[non_existing_access_token]}
             Body = null
    Session Attrs = {}

Handler:
             Type = com.upgrad.quora.api.Controller.QuestionController
           Method = public org.springframework.http.ResponseEntity<com.upgrad.quora.api.model.QuestionDeleteResponse> com.upgrad.quora.api.Controller.QuestionController.Deletequestion(java.lang.String,java.lang.String) throws com.upgrad.quora.service.exception.UserNotFoundException,com.upgrad.quora.service.exception.UnauthorizedException,com.upgrad.quora.service.exception.AuthenticationFailedException,com.upgrad.quora.service.exception.AuthorizationFailedException,com.upgrad.quora.service.exception.InvalidQuestionException,com.upgrad.quora.service.exception.SignUpRestrictedException

Async:
    Async started = false
     Async result = null

Resolved Exception:
             Type = org.springframework.web.bind.ServletRequestBindingException

ModelAndView:
        View name = null
             View = null
            Model = null

FlashMap:
       Attributes = null

MockHttpServletResponse:
           Status = 400
    Error message = Missing request header 'access-token' for method parameter of type String
          Headers = {}
     Content type = null
             Body = 
    Forwarded URL = null
   Redirected URL = null
          Cookies = []

MockHttpServletRequest:
      HTTP Method = PUT
      Request URI = /question/edit/database_question_uuid
       Parameters = {content=[edited_question]}
          Headers = {Content-Type=[application/json;charset=UTF-8], authorization=[database_accesstoken]}
             Body = null
    Session Attrs = {}

Handler:
             Type = com.upgrad.quora.api.Controller.QuestionController
           Method = public org.springframework.http.ResponseEntity<com.upgrad.quora.api.model.QuestionEditResponse> com.upgrad.quora.api.Controller.QuestionController.Updatequestion(java.lang.String,com.upgrad.quora.api.model.QuestionRequest,java.lang.String) throws com.upgrad.quora.service.exception.UserNotFoundException,com.upgrad.quora.service.exception.UnauthorizedException,com.upgrad.quora.service.exception.AuthenticationFailedException,com.upgrad.quora.service.exception.AuthorizationFailedException,com.upgrad.quora.service.exception.InvalidQuestionException

Async:
    Async started = false
     Async result = null

Resolved Exception:
             Type = org.springframework.http.converter.HttpMessageNotReadableException

ModelAndView:
        View name = null
             View = null
            Model = null

FlashMap:
       Attributes = null

MockHttpServletResponse:
           Status = 400
    Error message = null
          Headers = {}
     Content type = null
             Body = 
    Forwarded URL = null
   Redirected URL = null
          Cookies = []

MockHttpServletRequest:
      HTTP Method = DELETE
      Request URI = /question/delete/non_existing_question_uuid
       Parameters = {}
          Headers = {authorization=[database_accesstoken1]}
             Body = null
    Session Attrs = {}

Handler:
             Type = com.upgrad.quora.api.Controller.QuestionController
           Method = public org.springframework.http.ResponseEntity<com.upgrad.quora.api.model.QuestionDeleteResponse> com.upgrad.quora.api.Controller.QuestionController.Deletequestion(java.lang.String,java.lang.String) throws com.upgrad.quora.service.exception.UserNotFoundException,com.upgrad.quora.service.exception.UnauthorizedException,com.upgrad.quora.service.exception.AuthenticationFailedException,com.upgrad.quora.service.exception.AuthorizationFailedException,com.upgrad.quora.service.exception.InvalidQuestionException,com.upgrad.quora.service.exception.SignUpRestrictedException

Async:
    Async started = false
     Async result = null

Resolved Exception:
             Type = org.springframework.web.bind.ServletRequestBindingException

ModelAndView:
        View name = null
             View = null
            Model = null

FlashMap:
       Attributes = null

MockHttpServletResponse:
           Status = 400
    Error message = Missing request header 'access-token' for method parameter of type String
          Headers = {}
     Content type = null
             Body = 
    Forwarded URL = null
   Redirected URL = null
          Cookies = []

MockHttpServletRequest:
      HTTP Method = GET
      Request URI = /question/all/database_uuid1
       Parameters = {}
          Headers = {authorization=[database_accesstoken3]}
             Body = null
    Session Attrs = {}

Handler:
             Type = com.upgrad.quora.api.Controller.QuestionController
           Method = public org.springframework.http.ResponseEntity<java.util.List<com.upgrad.quora.api.model.QuestionDetailsResponse>> com.upgrad.quora.api.Controller.QuestionController.AllquestionByuser(java.lang.Integer,java.lang.String) throws com.upgrad.quora.service.exception.UserNotFoundException,com.upgrad.quora.service.exception.UnauthorizedException,com.upgrad.quora.service.exception.AuthenticationFailedException,com.upgrad.quora.service.exception.AuthorizationFailedException,com.upgrad.quora.service.exception.InvalidQuestionException,com.upgrad.quora.service.exception.SignUpRestrictedException

Async:
    Async started = false
     Async result = null

Resolved Exception:
             Type = org.springframework.web.method.annotation.MethodArgumentTypeMismatchException

ModelAndView:
        View name = null
             View = null
            Model = null

FlashMap:
       Attributes = null

MockHttpServletResponse:
           Status = 400
    Error message = null
          Headers = {}
     Content type = null
             Body = 
    Forwarded URL = null
   Redirected URL = null
          Cookies = []

MockHttpServletRequest:
      HTTP Method = PUT
      Request URI = /question/edit/non_exisitng_question_uuid
       Parameters = {content=[edited_question]}
          Headers = {Content-Type=[application/json;charset=UTF-8], authorization=[database_accesstoken1]}
             Body = null
    Session Attrs = {}

Handler:
             Type = com.upgrad.quora.api.Controller.QuestionController
           Method = public org.springframework.http.ResponseEntity<com.upgrad.quora.api.model.QuestionEditResponse> com.upgrad.quora.api.Controller.QuestionController.Updatequestion(java.lang.String,com.upgrad.quora.api.model.QuestionRequest,java.lang.String) throws com.upgrad.quora.service.exception.UserNotFoundException,com.upgrad.quora.service.exception.UnauthorizedException,com.upgrad.quora.service.exception.AuthenticationFailedException,com.upgrad.quora.service.exception.AuthorizationFailedException,com.upgrad.quora.service.exception.InvalidQuestionException

Async:
    Async started = false
     Async result = null

Resolved Exception:
             Type = org.springframework.http.converter.HttpMessageNotReadableException

ModelAndView:
        View name = null
             View = null
            Model = null

FlashMap:
       Attributes = null

MockHttpServletResponse:
           Status = 400
    Error message = null
          Headers = {}
     Content type = null
             Body = 
    Forwarded URL = null
   Redirected URL = null
          Cookies = []

MockHttpServletRequest:
      HTTP Method = GET
      Request URI = /question/all
       Parameters = {}
          Headers = {authorization=[database_accesstoken1]}
             Body = null
    Session Attrs = {}

Handler:
             Type = com.upgrad.quora.api.Controller.QuestionController
           Method = public org.springframework.http.ResponseEntity<java.util.List<com.upgrad.quora.api.model.QuestionDetailsResponse>> com.upgrad.quora.api.Controller.QuestionController.Allquestion(java.lang.String) throws com.upgrad.quora.service.exception.AuthenticationFailedException,com.upgrad.quora.service.exception.AuthorizationFailedException

Async:
    Async started = false
     Async result = null

Resolved Exception:
             Type = org.springframework.web.bind.ServletRequestBindingException

ModelAndView:
        View name = null
             View = null
            Model = null

FlashMap:
       Attributes = null

MockHttpServletResponse:
           Status = 400
    Error message = Missing request header 'access-token' for method parameter of type String
          Headers = {}
     Content type = null
             Body = 
    Forwarded URL = null
   Redirected URL = null
          Cookies = []

MockHttpServletRequest:
      HTTP Method = GET
      Request URI = /question/all
       Parameters = {}
          Headers = {authorization=[non_existing_access_token]}
             Body = null
    Session Attrs = {}

Handler:
             Type = com.upgrad.quora.api.Controller.QuestionController
           Method = public org.springframework.http.ResponseEntity<java.util.List<com.upgrad.quora.api.model.QuestionDetailsResponse>> com.upgrad.quora.api.Controller.QuestionController.Allquestion(java.lang.String) throws com.upgrad.quora.service.exception.AuthenticationFailedException,com.upgrad.quora.service.exception.AuthorizationFailedException

Async:
    Async started = false
     Async result = null

Resolved Exception:
             Type = org.springframework.web.bind.ServletRequestBindingException

ModelAndView:
        View name = null
             View = null
            Model = null

FlashMap:
       Attributes = null

MockHttpServletResponse:
           Status = 400
    Error message = Missing request header 'access-token' for method parameter of type String
          Headers = {}
     Content type = null
             Body = 
    Forwarded URL = null
   Redirected URL = null
          Cookies = []

MockHttpServletRequest:
      HTTP Method = POST
      Request URI = /user/signup
       Parameters = {firstName=[a], lastName=[a], userName=[non_existing_username], emailAddress=[database_email], password=[a], country=[a], aboutMe=[a], dob=[a], contactNumber=[a]}
          Headers = {Content-Type=[application/json;charset=UTF-8]}
             Body = null
    Session Attrs = {}

Handler:
             Type = org.springframework.web.servlet.resource.ResourceHttpRequestHandler

Async:
    Async started = false
     Async result = null

Resolved Exception:
             Type = null

ModelAndView:
        View name = null
             View = null
            Model = null

FlashMap:
       Attributes = null

MockHttpServletResponse:
           Status = 404
    Error message = null
          Headers = {}
     Content type = null
             Body = 
    Forwarded URL = null
   Redirected URL = null
          Cookies = []

MockHttpServletRequest:
      HTTP Method = POST
      Request URI = /user/signout
       Parameters = {}
          Headers = {authorization=[non_existing_access_token]}
             Body = null
    Session Attrs = {}

Handler:
             Type = org.springframework.web.servlet.resource.ResourceHttpRequestHandler

Async:
    Async started = false
     Async result = null

Resolved Exception:
             Type = null

ModelAndView:
        View name = null
             View = null
            Model = null

FlashMap:
       Attributes = null

MockHttpServletResponse:
           Status = 404
    Error message = null
          Headers = {}
     Content type = null
             Body = 
    Forwarded URL = null
   Redirected URL = null
          Cookies = []

MockHttpServletRequest:
      HTTP Method = POST
      Request URI = /user/signup
       Parameters = {firstName=[a], lastName=[a], userName=[database_username], emailAddress=[a], password=[a], country=[a], aboutMe=[a], dob=[a], contactNumber=[a]}
          Headers = {Content-Type=[application/json;charset=UTF-8]}
             Body = null
    Session Attrs = {}

Handler:
             Type = org.springframework.web.servlet.resource.ResourceHttpRequestHandler

Async:
    Async started = false
     Async result = null

Resolved Exception:
             Type = null

ModelAndView:
        View name = null
             View = null
            Model = null

FlashMap:
       Attributes = null

MockHttpServletResponse:
           Status = 404
    Error message = null
          Headers = {}
     Content type = null
             Body = 
    Forwarded URL = null
   Redirected URL = null
          Cookies = []
]]></system-out>
  </testcase>
</testsuite>